-> -> -> -> Cuts: 44 
Removing 44...
-> Added 0 edges avoiding K4
-> -> -> -> -> -> -> -> Cuts: 97 
Removing 97...
-> Added 0 edges avoiding K4
-> -> -> -> -> -> -> -> Cuts: 97 
Removing 97...
-> Added 0 edges avoiding K4
-> -> -> -> -> -> -> -> Cuts: 99 
Removing 99...
-> Added 0 edges avoiding K4
-> -> -> -> -> -> -> -> Cuts: 99 
Removing 99...
-> Added 0 edges avoiding K4
-> -> -> -> -> -> -> -> Cuts: 61 104 
Removing 61...
Removing 103...
-> Added 0 edges avoiding K4
-> -> -> -> -> -> -> -> Cuts: 61 104 
Removing 61...
Removing 103...
-> Added 0 edges avoiding K4
-> -> -> -> -> -> -> -> Cuts: 61 104 
Removing 61...
Removing 103...
-> Added 0 edges avoiding K4
-> -> -> -> -> -> -> -> Cuts: 15 25 
Removing 15...
Removing 24...
-> Added 0 edges avoiding K4
-> -> -> -> -> -> -> -> Cuts: 15 25 
Removing 15...
Removing 24...
-> Added 0 edges avoiding K4
-> -> -> -> -> -> -> -> Cuts: 17 47 69 
Removing 17...
Removing 46...
Removing 67...
-> Added 0 edges avoiding K4
-> -> -> -> -> -> -> -> Cuts: 17 47 69 
Removing 17...
Removing 46...
Removing 67...
-> Added 0 edges avoiding K4
-> -> -> -> -> -> -> -> Cuts: 4 40 85 
Removing 4...
Removing 39...
Removing 83...
-> Added 0 edges avoiding K4
-> -> -> -> -> -> -> -> Cuts: 4 40 85 
Removing 4...
Removing 39...
Removing 83...
-> Added 0 edges avoiding K4
-> -> -> -> -> -> -> -> Cuts: 19 26 91 
Removing 19...
Removing 25...
Removing 89...
-> Added 0 edges avoiding K4
-> -> -> -> -> -> -> -> Cuts: 19 26 57 91 
Removing 19...
Removing 25...
Removing 55...
Removing 88...
-> Added 0 edges avoiding K4
-> -> -> -> -> -> -> -> Cuts: 19 26 57 91 
Removing 19...
Removing 25...
Removing 55...
Removing 88...
-> Added 0 edges avoiding K4
-> -> -> -> -> -> -> -> Cuts: 6 50 95 121 
Removing 6...
Removing 49...
Removing 93...
Removing 118...
-> Added 0 edges avoiding K4
-> -> -> -> -> -> -> -> Cuts: 6 50 95 121 
Removing 6...
Removing 49...
Removing 93...
Removing 118...
-> Added 0 edges avoiding K4
-> -> -> -> -> -> -> -> Cuts: 16 20 26 89 
Removing 16...
Removing 19...
Removing 24...
Removing 86...
-> Added 0 edges avoiding K4
-> -> -> -> -> -> -> -> Cuts: 16 20 26 39 89 
Removing 16...
Removing 19...
Removing 24...
Removing 36...
Removing 85...
-> Added 0 edges avoiding K4
-> -> -> -> -> -> -> -> Cuts: 77 78 83 85 111 
Removing 77...
Removing 77...
Removing 81...
Removing 82...
Removing 107...
-> Added 0 edges avoiding K4
-> -> -> -> -> -> -> -> Cuts: 77 78 83 85 111 
Removing 77...
Removing 77...
Removing 81...
Removing 82...
Removing 107...
-> Added 0 edges avoiding K4
-> -> -> -> -> -> -> -> Cuts: 3 11 48 74 122 
Removing 3...
Removing 10...
Removing 46...
Removing 71...
Removing 118...
-> Added 0 edges avoiding K4
-> -> -> -> -> -> -> -> Cuts: 3 11 48 74 122 
Removing 3...
Removing 10...
Removing 46...
Removing 71...
Removing 118...
-> Added 0 edges avoiding K4
-> -> -> -> -> -> -> -> Cuts: 3 11 48 74 101 122 
Removing 3...
Removing 10...
Removing 46...
Removing 71...
Removing 97...
Removing 117...
-> Added 0 edges avoiding K4
-> -> -> -> -> -> -> -> Cuts: 14 41 100 111 119 125 
Removing 14...
Removing 40...
Removing 98...
Removing 108...
Removing 115...
Removing 120...
-> Added 0 edges avoiding K4
-> -> -> -> -> -> -> -> Cuts: 14 41 100 111 119 125 
Removing 14...
Removing 40...
Removing 98...
Removing 108...
Removing 115...
Removing 120...
-> Added 0 edges avoiding K4
-> -> -> -> -> -> -> -> Cuts: 51 77 78 82 85 106 
Removing 51...
Removing 76...
Removing 76...
Removing 79...
Removing 81...
Removing 101...
-> Added 0 edges avoiding K4
-> -> -> -> -> -> -> -> Cuts: 51 77 78 82 85 106 
Removing 51...
Removing 76...
Removing 76...
Removing 79...
Removing 81...
Removing 101...
-> Added 0 edges avoiding K4
-> -> -> -> -> -> -> -> Cuts: 7 45 54 61 81 110 115 
Removing 7...
Removing 44...
Removing 52...
Removing 58...
Removing 77...
Removing 105...
Removing 109...
-> Added 0 edges avoiding K4
-> -> -> -> -> -> -> -> Cuts: 7 45 54 61 81 110 115 
Removing 7...
Removing 44...
Removing 52...
Removing 58...
Removing 77...
Removing 105...
Removing 109...
-> Added 0 edges avoiding K4
-> -> -> -> -> -> -> -> Cuts: 7 45 54 61 81 110 115 
Removing 7...
Removing 44...
Removing 52...
Removing 58...
Removing 77...
Removing 105...
Removing 109...
-> Added 0 edges avoiding K4
-> -> -> -> -> -> -> -> Cuts: 21 35 38 40 72 76 120 
Removing 21...
Removing 34...
Removing 36...
Removing 37...
Removing 68...
Removing 71...
Removing 114...
-> Added 0 edges avoiding K4
-> -> -> -> -> -> -> -> Cuts: 21 35 38 40 72 76 120 
Removing 21...
Removing 34...
Removing 36...
Removing 37...
Removing 68...
Removing 71...
Removing 114...
-> Added 0 edges avoiding K4
-> -> -> -> -> -> -> -> Cuts: 20 35 43 58 77 88 102 103 
Removing 20...
Removing 34...
Removing 41...
Removing 55...
Removing 73...
Removing 83...
Removing 96...
Removing 96...
-> Added 0 edges avoiding K4
-> -> -> -> -> -> -> -> Cuts: 20 35 43 58 77 88 102 103 
Removing 20...
Removing 34...
Removing 41...
Removing 55...
Removing 73...
Removing 83...
Removing 96...
Removing 96...
-> Added 0 edges avoiding K4
-> -> -> -> -> -> -> -> Cuts: 20 35 43 58 77 88 102 103 
Removing 20...
Removing 34...
Removing 41...
Removing 55...
Removing 73...
Removing 83...
Removing 96...
Removing 96...
-> Added 0 edges avoiding K4
-> -> -> -> -> -> -> -> Cuts: 1 16 25 28 51 65 79 88 
Removing 1...
Removing 15...
Removing 23...
Removing 25...
Removing 47...
Removing 60...
Removing 73...
Removing 81...
-> Added 0 edges avoiding K4
-> -> -> -> -> -> -> -> Cuts: 1 16 25 28 51 65 79 88 
Removing 1...
Removing 15...
Removing 23...
Removing 25...
Removing 47...
Removing 60...
Removing 73...
Removing 81...
-> Added 0 edges avoiding K4
-> -> -> -> -> -> -> -> Cuts: 36 56 63 66 98 105 106 107 116 
Removing 36...
Removing 55...
Removing 61...
Removing 63...
Removing 94...
Removing 100...
Removing 100...
Removing 100...
Removing 108...
-> Added 0 edges avoiding K4
-> -> -> -> -> -> -> -> Cuts: 36 56 63 66 98 105 106 107 116 
Removing 36...
Removing 55...
Removing 61...
Removing 63...
Removing 94...
Removing 100...
Removing 100...
Removing 100...
Removing 108...
-> Added 0 edges avoiding K4
-> -> -> -> -> -> -> -> Cuts: 36 56 63 66 98 105 106 107 116 
Removing 36...
Removing 55...
Removing 61...
Removing 63...
Removing 94...
Removing 100...
Removing 100...
Removing 100...
Removing 108...
-> Added 0 edges avoiding K4
-> -> -> -> -> -> -> -> Cuts: 1 17 33 35 48 65 103 114 120 
Removing 1...
Removing 16...
Removing 31...
Removing 32...
Removing 44...
Removing 60...
Removing 97...
Removing 107...
Removing 112...
-> Added 0 edges avoiding K4
-> -> -> -> -> -> -> -> Cuts: 1 17 33 35 48 65 103 114 120 
Removing 1...
Removing 16...
Removing 31...
Removing 32...
Removing 44...
Removing 60...
Removing 97...
Removing 107...
Removing 112...
-> Added 0 edges avoiding K4
-> -> -> -> -> -> -> -> Cuts: 19 22 30 32 39 41 78 90 94 112 
Removing 19...
Removing 21...
Removing 28...
Removing 29...
Removing 35...
Removing 36...
Removing 72...
Removing 83...
Removing 86...
Removing 103...
-> Added 0 edges avoiding K4
-> -> -> -> -> -> -> -> Cuts: 19 22 30 32 39 41 78 90 94 112 
Removing 19...
Removing 21...
Removing 28...
Removing 29...
Removing 35...
Removing 36...
Removing 72...
Removing 83...
Removing 86...
Removing 103...
-> Added 0 edges avoiding K4
-> -> -> -> -> -> -> -> Cuts: 19 22 30 32 39 41 78 90 94 112 
Removing 19...
Removing 21...
Removing 28...
Removing 29...
Removing 35...
Removing 36...
Removing 72...
Removing 83...
Removing 86...
Removing 103...
-> Added 0 edges avoiding K4
-> -> -> -> -> -> -> -> Cuts: 2 10 23 31 36 38 63 99 109 122 
Removing 2...
Removing 9...
Removing 21...
Removing 28...
Removing 32...
Removing 33...
Removing 57...
Removing 92...
Removing 101...
Removing 113...
-> Added 0 edges avoiding K4
-> -> -> -> -> -> -> -> Cuts: 2 10 23 31 36 38 63 99 109 122 
Removing 2...
Removing 9...
Removing 21...
Removing 28...
Removing 32...
Removing 33...
Removing 57...
Removing 92...
Removing 101...
Removing 113...
-> Added 0 edges avoiding K4
-> -> -> -> -> -> -> -> Cuts: 2 10 23 31 36 38 47 63 99 109 122 
Removing 2...
Removing 9...
Removing 21...
Removing 28...
Removing 32...
Removing 33...
Removing 41...
Removing 56...
Removing 91...
Removing 100...
Removing 112...
-> Added 0 edges avoiding K4
-> -> -> -> -> -> -> -> Cuts: 5 5 6 17 28 30 42 71 115 118 120 
Removing 5...
Removing 4...
Removing 4...
Removing 14...
Removing 24...
Removing 25...
Removing 36...
Removing 64...
Removing 107...
Removing 109...
Removing 110...
-> Added 0 edges avoiding K4
-> -> -> -> -> -> -> -> Cuts: 5 5 6 17 28 30 42 71 115 118 120 
Removing 5...
Removing 4...
Removing 4...
Removing 14...
Removing 24...
Removing 25...
Removing 36...
Removing 64...
Removing 107...
Removing 109...
Removing 110...
-> Added 0 edges avoiding K4
-> -> -> -> -> -> -> -> Cuts: 2 9 12 13 30 53 99 118 119 120 124 
Removing 2...
Removing 8...
Removing 10...
Removing 10...
Removing 26...
Removing 48...
Removing 93...
Removing 111...
Removing 111...
Removing 111...
Removing 114...
-> Added 0 edges avoiding K4
-> -> -> -> -> -> -> -> Cuts: 2 9 12 13 30 53 99 118 119 120 124 
Removing 2...
Removing 8...
Removing 10...
Removing 10...
Removing 26...
Removing 48...
Removing 93...
Removing 111...
Removing 111...
Removing 111...
Removing 114...
-> Added 0 edges avoiding K4
-> -> -> -> -> -> -> -> Cuts: 2 9 12 13 30 53 94 99 118 119 120 124 
Removing 2...
Removing 8...
Removing 10...
Removing 10...
Removing 26...
Removing 48...
Removing 88...
Removing 92...
Removing 110...
Removing 110...
Removing 110...
Removing 113...
-> Added 0 edges avoiding K4
-> -> -> -> -> -> -> -> Cuts: 0 1 16 47 51 53 74 74 78 92 104 104 
Removing 0...
Removing 0...
Removing 14...
Removing 44...
Removing 47...
Removing 48...
Removing 68...
Removing 67...
Removing 70...
Removing 83...
Removing 94...
Removing 93...
-> Added 0 edges avoiding K4
-> -> -> -> -> -> -> -> Cuts: 0 1 16 47 51 53 74 74 78 92 104 104 
Removing 0...
Removing 0...
Removing 14...
Removing 44...
Removing 47...
Removing 48...
Removing 68...
Removing 67...
Removing 70...
Removing 83...
Removing 94...
Removing 93...
-> Added 0 edges avoiding K4
-> -> -> -> -> -> -> -> Cuts: 0 1 16 47 51 53 74 74 78 92 104 104 
Removing 0...
Removing 0...
Removing 14...
Removing 44...
Removing 47...
Removing 48...
Removing 68...
Removing 67...
Removing 70...
Removing 83...
Removing 94...
Removing 93...
-> Added 0 edges avoiding K4
-> -> -> -> -> -> -> -> Cuts: 19 21 24 30 48 73 84 93 105 106 114 119 
Removing 19...
Removing 20...
Removing 22...
Removing 27...
Removing 44...
Removing 68...
Removing 78...
Removing 86...
Removing 97...
Removing 97...
Removing 104...
Removing 108...
-> Added 0 edges avoiding K4
-> -> -> -> -> -> -> -> Cuts: 19 21 24 30 48 73 74 84 93 105 106 114 119 
Removing 19...
Removing 20...
Removing 22...
Removing 27...
Removing 44...
Removing 68...
Removing 68...
Removing 77...
Removing 85...
Removing 96...
Removing 96...
Removing 103...
Removing 107...
-> Added 0 edges avoiding K4
-> -> -> -> -> -> -> -> Cuts: 19 21 24 30 48 73 74 84 93 105 106 114 119 
Removing 19...
Removing 20...
Removing 22...
Removing 27...
Removing 44...
Removing 68...
Removing 68...
Removing 77...
Removing 85...
Removing 96...
Removing 96...
Removing 103...
Removing 107...
-> Added 0 edges avoiding K4
-> -> -> -> -> -> -> -> Cuts: 8 11 24 27 32 46 64 65 69 84 86 104 119 
Removing 8...
Removing 10...
Removing 22...
Removing 24...
Removing 28...
Removing 41...
Removing 58...
Removing 58...
Removing 61...
Removing 75...
Removing 76...
Removing 93...
Removing 107...
-> Added 0 edges avoiding K4
-> -> -> -> -> -> -> -> Cuts: 8 11 24 27 32 46 64 65 69 84 86 104 119 
Removing 8...
Removing 10...
Removing 22...
Removing 24...
Removing 28...
Removing 41...
Removing 58...
Removing 58...
Removing 61...
Removing 75...
Removing 76...
Removing 93...
Removing 107...
-> Added 0 edges avoiding K4
-> -> -> -> -> -> -> -> Cuts: 8 11 24 27 32 46 64 65 69 84 86 104 119 
Removing 8...
Removing 10...
Removing 22...
Removing 24...
Removing 28...
Removing 41...
Removing 58...
Removing 58...
Removing 61...
Removing 75...
Removing 76...
Removing 93...
Removing 107...
-> Added 0 edges avoiding K4
-> -> -> -> -> -> -> -> Cuts: 2 14 15 32 35 54 60 63 70 74 74 89 111 120 
Removing 2...
Removing 13...
Removing 13...
Removing 29...
Removing 31...
Removing 49...
Removing 54...
Removing 56...
Removing 62...
Removing 65...
Removing 64...
Removing 78...
Removing 99...
Removing 107...
-> Added 0 edges avoiding K4
-> -> -> -> -> -> -> -> Cuts: 2 14 15 32 35 54 60 63 70 74 74 89 111 120 
Removing 2...
Removing 13...
Removing 13...
Removing 29...
Removing 31...
Removing 49...
Removing 54...
Removing 56...
Removing 62...
Removing 65...
Removing 64...
Removing 78...
Removing 99...
Removing 107...
-> Added 0 edges avoiding K4
-> -> -> -> -> -> -> -> Cuts: 2 14 15 32 35 54 60 63 70 74 74 89 111 120 
Removing 2...
Removing 13...
Removing 13...
Removing 29...
Removing 31...
Removing 49...
Removing 54...
Removing 56...
Removing 62...
Removing 65...
Removing 64...
Removing 78...
Removing 99...
Removing 107...
-> Added 0 edges avoiding K4
-> -> -> -> -> -> -> -> Cuts: 5 18 32 39 49 50 52 64 80 84 93 100 119 125 
Removing 5...
Removing 17...
Removing 30...
Removing 36...
Removing 45...
Removing 45...
Removing 46...
Removing 57...
Removing 72...
Removing 75...
Removing 83...
Removing 89...
Removing 107...
Removing 112...
-> Added 0 edges avoiding K4
-> -> -> -> -> -> -> -> Cuts: 5 18 32 39 49 50 52 64 80 84 93 100 119 125 
Removing 5...
Removing 17...
Removing 30...
Removing 36...
Removing 45...
Removing 45...
Removing 46...
Removing 57...
Removing 72...
Removing 75...
Removing 83...
Removing 89...
Removing 107...
Removing 112...
-> Added 0 edges avoiding K4
-> -> -> -> -> -> -> -> Cuts: 5 18 30 32 39 49 50 52 64 80 84 93 100 119 125 
Removing 5...
Removing 17...
Removing 28...
Removing 29...
Removing 35...
Removing 44...
Removing 44...
Removing 45...
Removing 56...
Removing 71...
Removing 74...
Removing 82...
Removing 88...
Removing 106...
Removing 111...
-> Added 0 edges avoiding K4
-> -> -> -> -> -> -> -> Cuts: 1 1 6 15 31 38 41 46 47 58 67 70 91 111 118 
Removing 1...
Removing 0...
Removing 4...
Removing 12...
Removing 27...
Removing 33...
Removing 35...
Removing 39...
Removing 39...
Removing 49...
Removing 57...
Removing 59...
Removing 79...
Removing 98...
Removing 104...
-> Added 0 edges avoiding K4
-> -> -> -> -> -> -> -> Cuts: 1 1 6 15 31 38 41 46 47 58 67 70 91 111 118 
Removing 1...
Removing 0...
Removing 4...
Removing 12...
Removing 27...
Removing 33...
Removing 35...
Removing 39...
Removing 39...
Removing 49...
Removing 57...
Removing 59...
Removing 79...
Removing 98...
Removing 104...
-> Added 0 edges avoiding K4
-> -> -> -> -> -> -> -> Cuts: 1 1 6 15 31 38 41 46 47 58 67 70 91 111 118 
Removing 1...
Removing 0...
Removing 4...
Removing 12...
Removing 27...
Removing 33...
Removing 35...
Removing 39...
Removing 39...
Removing 49...
Removing 57...
Removing 59...
Removing 79...
Removing 98...
Removing 104...
-> Added 0 edges avoiding K4
-> -> -> -> -> -> -> -> Cuts: 3 9 12 13 19 20 35 63 63 70 81 83 90 103 109 
Removing 3...
Removing 8...
Removing 10...
Removing 10...
Removing 15...
Removing 15...
Removing 29...
Removing 56...
Removing 55...
Removing 61...
Removing 71...
Removing 72...
Removing 78...
Removing 90...
Removing 95...
-> Added 0 edges avoiding K4
-> -> -> -> -> -> -> -> Cuts: 3 9 12 13 19 20 20 35 63 63 70 81 83 90 103 109 
Removing 3...
Removing 8...
Removing 10...
Removing 10...
Removing 15...
Removing 15...
Removing 14...
Removing 28...
Removing 55...
Removing 54...
Removing 60...
Removing 70...
Removing 71...
Removing 77...
Removing 89...
Removing 94...
-> Added 0 edges avoiding K4
-> -> -> -> -> -> -> -> Cuts: 3 9 12 13 19 20 20 35 63 63 70 81 83 90 103 109 
Removing 3...
Removing 8...
Removing 10...
Removing 10...
Removing 15...
Removing 15...
Removing 14...
Removing 28...
Removing 55...
Removing 54...
Removing 60...
Removing 70...
Removing 71...
Removing 77...
Removing 89...
Removing 94...
-> Added 0 edges avoiding K4
-> -> -> -> -> -> -> -> Cuts: 10 12 33 50 52 54 58 65 71 73 74 79 84 92 113 114 
Removing 10...
Removing 11...
Removing 31...
Removing 47...
Removing 48...
Removing 49...
Removing 52...
Removing 58...
Removing 63...
Removing 64...
Removing 64...
Removing 68...
Removing 72...
Removing 79...
Removing 99...
Removing 99...
-> Added 0 edges avoiding K4
-> -> -> -> -> -> -> -> Cuts: 10 12 33 50 52 54 58 65 71 73 74 79 84 92 113 114 
Removing 10...
Removing 11...
Removing 31...
Removing 47...
Removing 48...
Removing 49...
Removing 52...
Removing 58...
Removing 63...
Removing 64...
Removing 64...
Removing 68...
Removing 72...
Removing 79...
Removing 99...
Removing 99...
-> Added 0 edges avoiding K4
-> -> -> -> -> -> -> -> Cuts: 10 12 33 50 52 54 58 65 71 73 74 79 84 92 113 114 
Removing 10...
Removing 11...
Removing 31...
Removing 47...
Removing 48...
Removing 49...
Removing 52...
Removing 58...
Removing 63...
Removing 64...
Removing 64...
Removing 68...
Removing 72...
Removing 79...
Removing 99...
Removing 99...
-> Added 0 edges avoiding K4
-> -> -> -> -> -> -> -> Cuts: 5 12 19 22 30 38 50 54 55 63 72 78 86 96 100 111 124 
Removing 5...
Removing 11...
Removing 17...
Removing 19...
Removing 26...
Removing 33...
Removing 44...
Removing 47...
Removing 47...
Removing 54...
Removing 62...
Removing 67...
Removing 74...
Removing 83...
Removing 86...
Removing 96...
Removing 108...
-> Added 0 edges avoiding K4
-> -> -> -> -> -> -> -> Cuts: 5 12 19 22 30 38 50 54 55 63 72 78 86 96 100 111 124 
Removing 5...
Removing 11...
Removing 17...
Removing 19...
Removing 26...
Removing 33...
Removing 44...
Removing 47...
Removing 47...
Removing 54...
Removing 62...
Removing 67...
Removing 74...
Removing 83...
Removing 86...
Removing 96...
Removing 108...
-> Added 0 edges avoiding K4
-> -> -> -> -> -> -> -> Cuts: 5 12 19 22 30 38 50 54 55 63 72 78 86 96 100 111 124 
Removing 5...
Removing 11...
Removing 17...
Removing 19...
Removing 26...
Removing 33...
Removing 44...
Removing 47...
Removing 47...
Removing 54...
Removing 62...
Removing 67...
Removing 74...
Removing 83...
Removing 86...
Removing 96...
Removing 108...
-> Added 0 edges avoiding K4
-> -> -> -> -> -> -> -> Cuts: 0 2 4 4 24 40 43 47 56 57 68 86 87 100 112 118 122 
Removing 0...
Removing 1...
Removing 2...
Removing 1...
Removing 20...
Removing 35...
Removing 37...
Removing 40...
Removing 48...
Removing 48...
Removing 58...
Removing 75...
Removing 75...
Removing 87...
Removing 98...
Removing 103...
Removing 106...
-> Added 0 edges avoiding K4
-> -> -> -> -> -> -> -> Cuts: 0 2 4 4 24 40 43 47 56 57 68 86 87 100 112 118 122 
Removing 0...
Removing 1...
Removing 2...
Removing 1...
Removing 20...
Removing 35...
Removing 37...
Removing 40...
Removing 48...
Removing 48...
Removing 58...
Removing 75...
Removing 75...
Removing 87...
Removing 98...
Removing 103...
Removing 106...
-> Added 0 edges avoiding K4
-> -> -> -> -> -> -> -> Cuts: 0 2 4 4 24 39 40 43 47 56 57 68 86 87 100 112 118 122 
Removing 0...
Removing 1...
Removing 2...
Removing 1...
Removing 20...
Removing 34...
Removing 34...
Removing 36...
Removing 39...
Removing 47...
Removing 47...
Removing 57...
Removing 74...
Removing 74...
Removing 86...
Removing 97...
Removing 102...
Removing 105...
-> Added 0 edges avoiding K4
-> -> -> -> -> -> -> -> Cuts: 0 2 4 4 24 39 40 43 47 56 57 68 86 87 100 112 118 122 
Removing 0...
Removing 1...
Removing 2...
Removing 1...
Removing 20...
Removing 34...
Removing 34...
Removing 36...
Removing 39...
Removing 47...
Removing 47...
Removing 57...
Removing 74...
Removing 74...
Removing 86...
Removing 97...
Removing 102...
Removing 105...
-> Added 0 edges avoiding K4
-> -> -> -> -> -> -> -> Cuts: 21 26 33 39 39 45 64 65 71 77 79 79 84 97 106 107 114 120 
Removing 21...
Removing 25...
Removing 31...
Removing 36...
Removing 35...
Removing 40...
Removing 58...
Removing 58...
Removing 63...
Removing 68...
Removing 69...
Removing 68...
Removing 72...
Removing 84...
Removing 92...
Removing 92...
Removing 98...
Removing 103...
-> Added 0 edges avoiding K4
-> -> -> -> -> -> -> -> Cuts: 21 26 33 39 39 45 64 65 71 77 79 79 84 97 106 107 114 120 
Removing 21...
Removing 25...
Removing 31...
Removing 36...
Removing 35...
Removing 40...
Removing 58...
Removing 58...
Removing 63...
Removing 68...
Removing 69...
Removing 68...
Removing 72...
Removing 84...
Removing 92...
Removing 92...
Removing 98...
Removing 103...
-> Added 0 edges avoiding K4
-> -> -> -> -> -> -> -> Cuts: 21 26 33 39 39 45 64 65 71 77 79 79 84 97 106 107 114 120 
Removing 21...
Removing 25...
Removing 31...
Removing 36...
Removing 35...
Removing 40...
Removing 58...
Removing 58...
Removing 63...
Removing 68...
Removing 69...
Removing 68...
Removing 72...
Removing 84...
Removing 92...
Removing 92...
Removing 98...
Removing 103...
-> Added 0 edges avoiding K4
-> -> -> -> -> -> -> -> Cuts: 1 7 8 10 15 16 38 39 41 45 52 58 67 88 90 91 109 113 117 
Removing 1...
Removing 6...
Removing 6...
Removing 7...
Removing 11...
Removing 11...
Removing 32...
Removing 32...
Removing 33...
Removing 36...
Removing 42...
Removing 47...
Removing 55...
Removing 75...
Removing 76...
Removing 76...
Removing 93...
Removing 96...
Removing 99...
-> Added 0 edges avoiding K4
-> -> -> -> -> -> -> -> Cuts: 1 7 8 10 15 16 38 39 41 45 52 58 67 88 90 91 109 113 117 
Removing 1...
Removing 6...
Removing 6...
Removing 7...
Removing 11...
Removing 11...
Removing 32...
Removing 32...
Removing 33...
Removing 36...
Removing 42...
Removing 47...
Removing 55...
Removing 75...
Removing 76...
Removing 76...
Removing 93...
Removing 96...
Removing 99...
-> Added 0 edges avoiding K4
-> -> -> -> -> -> -> -> Cuts: 1 7 8 10 15 16 38 39 41 45 52 58 67 88 90 91 109 113 117 
Removing 1...
Removing 6...
Removing 6...
Removing 7...
Removing 11...
Removing 11...
Removing 32...
Removing 32...
Removing 33...
Removing 36...
Removing 42...
Removing 47...
Removing 55...
Removing 75...
Removing 76...
Removing 76...
Removing 93...
Removing 96...
Removing 99...
-> Added 0 edges avoiding K4
-> -> -> -> -> -> -> -> Cuts: 0 5 23 26 28 31 36 39 39 46 52 56 56 71 90 97 100 113 115 
Removing 0...
Removing 4...
Removing 21...
Removing 23...
Removing 24...
Removing 26...
Removing 30...
Removing 32...
Removing 31...
Removing 37...
Removing 42...
Removing 45...
Removing 44...
Removing 58...
Removing 76...
Removing 82...
Removing 84...
Removing 96...
Removing 97...
-> Added 0 edges avoiding K4
-> -> -> -> -> -> -> -> Cuts: 0 5 23 26 28 31 36 39 39 46 52 56 56 71 90 97 100 113 115 
Removing 0...
Removing 4...
Removing 21...
Removing 23...
Removing 24...
Removing 26...
Removing 30...
Removing 32...
Removing 31...
Removing 37...
Removing 42...
Removing 45...
Removing 44...
Removing 58...
Removing 76...
Removing 82...
Removing 84...
Removing 96...
Removing 97...
-> Added 0 edges avoiding K4
-> -> -> -> -> -> -> -> Cuts: 0 5 21 23 26 28 31 36 39 39 46 52 56 56 71 90 97 100 113 115 
Removing 0...
Removing 4...
Removing 19...
Removing 20...
Removing 22...
Removing 23...
Removing 25...
Removing 29...
Removing 31...
Removing 30...
Removing 36...
Removing 41...
Removing 44...
Removing 43...
Removing 57...
Removing 75...
Removing 81...
Removing 83...
Removing 95...
Removing 96...
-> Added 0 edges avoiding K4
-> -> -> -> -> -> -> -> Cuts: 0 5 21 23 26 28 31 36 39 39 46 52 56 56 71 90 97 100 113 115 
Removing 0...
Removing 4...
Removing 19...
Removing 20...
Removing 22...
Removing 23...
Removing 25...
Removing 29...
Removing 31...
Removing 30...
Removing 36...
Removing 41...
Removing 44...
Removing 43...
Removing 57...
Removing 75...
Removing 81...
Removing 83...
Removing 95...
Removing 96...
-> Added 0 edges avoiding K4
-> -> -> -> -> -> -> -> Cuts: 15 25 34 50 58 60 63 83 83 86 91 91 95 96 101 106 113 116 117 125 
Removing 15...
Removing 24...
Removing 32...
Removing 47...
Removing 54...
Removing 55...
Removing 57...
Removing 76...
Removing 75...
Removing 77...
Removing 81...
Removing 80...
Removing 83...
Removing 83...
Removing 87...
Removing 91...
Removing 97...
Removing 99...
Removing 99...
Removing 106...
-> Added 0 edges avoiding K4
-> -> -> -> -> -> -> -> Cuts: 15 25 34 50 58 60 63 83 83 86 91 91 95 96 101 106 113 116 117 125 
Removing 15...
Removing 24...
Removing 32...
Removing 47...
Removing 54...
Removing 55...
Removing 57...
Removing 76...
Removing 75...
Removing 77...
Removing 81...
Removing 80...
Removing 83...
Removing 83...
Removing 87...
Removing 91...
Removing 97...
Removing 99...
Removing 99...
Removing 106...
-> Added 0 edges avoiding K4
-> -> -> -> -> -> -> -> Cuts: 15 25 34 50 58 60 63 83 83 86 91 91 95 96 101 106 113 116 117 125 
Removing 15...
Removing 24...
Removing 32...
Removing 47...
Removing 54...
Removing 55...
Removing 57...
Removing 76...
Removing 75...
Removing 77...
Removing 81...
Removing 80...
Removing 83...
Removing 83...
Removing 87...
Removing 91...
Removing 97...
Removing 99...
Removing 99...
Removing 106...
-> Added 0 edges avoiding K4
-> -> -> -> -> -> -> -> Cuts: 2 5 10 11 27 28 57 58 62 64 70 75 81 89 96 104 105 110 114 115 118 
Removing 2...
Removing 4...
Removing 8...
Removing 8...
Removing 23...
Removing 23...
Removing 51...
Removing 51...
Removing 54...
Removing 55...
Removing 60...
Removing 64...
Removing 69...
Removing 76...
Removing 82...
Removing 89...
Removing 89...
Removing 93...
Removing 96...
Removing 96...
Removing 98...
-> Added 0 edges avoiding K4
-> -> -> -> -> -> -> -> Cuts: 2 5 10 11 27 28 57 58 62 64 70 75 81 89 96 104 105 110 114 115 118 
Removing 2...
Removing 4...
Removing 8...
Removing 8...
Removing 23...
Removing 23...
Removing 51...
Removing 51...
Removing 54...
Removing 55...
Removing 60...
Removing 64...
Removing 69...
Removing 76...
Removing 82...
Removing 89...
Removing 89...
Removing 93...
Removing 96...
Removing 96...
Removing 98...
-> Added 0 edges avoiding K4
-> -> -> -> -> -> -> -> Cuts: 2 5 10 11 27 28 57 58 62 64 70 75 81 89 96 104 105 110 114 115 118 
Removing 2...
Removing 4...
Removing 8...
Removing 8...
Removing 23...
Removing 23...
Removing 51...
Removing 51...
Removing 54...
Removing 55...
Removing 60...
Removing 64...
Removing 69...
Removing 76...
Removing 82...
Removing 89...
Removing 89...
Removing 93...
Removing 96...
Removing 96...
Removing 98...
-> Added 0 edges avoiding K4
-> -> -> -> -> -> -> -> Cuts: 2 5 10 11 27 28 57 58 62 64 70 75 81 89 96 104 105 110 114 115 118 
Removing 2...
Removing 4...
Removing 8...
Removing 8...
Removing 23...
Removing 23...
Removing 51...
Removing 51...
Removing 54...
Removing 55...
Removing 60...
Removing 64...
Removing 69...
Removing 76...
Removing 82...
Removing 89...
Removing 89...
Removing 93...
Removing 96...
Removing 96...
Removing 98...
-> Added 0 edges avoiding K4
-> -> -> -> -> -> -> -> Cuts: 5 10 11 12 16 17 25 32 37 39 53 67 68 76 88 92 96 107 114 116 121 
Removing 5...
Removing 9...
Removing 9...
Removing 9...
Removing 12...
Removing 12...
Removing 19...
Removing 25...
Removing 29...
Removing 30...
Removing 43...
Removing 56...
Removing 56...
Removing 63...
Removing 74...
Removing 77...
Removing 80...
Removing 90...
Removing 96...
Removing 97...
Removing 101...
-> Added 0 edges avoiding K4
-> -> -> -> -> -> -> -> Cuts: 5 10 11 12 16 17 25 32 37 39 53 67 68 76 88 92 96 107 114 116 121 126 
Removing 5...
Removing 9...
Removing 9...
Removing 9...
Removing 12...
Removing 12...
Removing 19...
Removing 25...
Removing 29...
Removing 30...
Removing 43...
Removing 56...
Removing 56...
Removing 63...
Removing 74...
Removing 77...
Removing 80...
Removing 90...
Removing 96...
Removing 97...
Removing 101...
Removing 105...
-> Added 0 edges avoiding K4
-> -> -> -> -> -> -> -> Cuts: 5 10 11 12 16 17 25 32 37 39 53 67 68 76 88 92 96 107 114 116 121 126 
Removing 5...
Removing 9...
Removing 9...
Removing 9...
Removing 12...
Removing 12...
Removing 19...
Removing 25...
Removing 29...
Removing 30...
Removing 43...
Removing 56...
Removing 56...
Removing 63...
Removing 74...
Removing 77...
Removing 80...
Removing 90...
Removing 96...
Removing 97...
Removing 101...
Removing 105...
-> Added 0 edges avoiding K4
-> -> -> -> -> -> -> -> Cuts: 3 3 4 18 19 22 23 25 25 25 34 38 48 49 55 61 75 84 86 107 115 118 
Removing 3...
Removing 2...
Removing 2...
Removing 15...
Removing 15...
Removing 17...
Removing 17...
Removing 18...
Removing 17...
Removing 16...
Removing 24...
Removing 27...
Removing 36...
Removing 36...
Removing 41...
Removing 46...
Removing 59...
Removing 67...
Removing 68...
Removing 88...
Removing 95...
Removing 97...
-> Added 0 edges avoiding K4
-> -> -> -> -> -> -> -> Cuts: 3 3 4 18 19 22 23 25 25 25 34 38 48 49 55 61 75 84 86 107 115 118 
Removing 3...
Removing 2...
Removing 2...
Removing 15...
Removing 15...
Removing 17...
Removing 17...
Removing 18...
Removing 17...
Removing 16...
Removing 24...
Removing 27...
Removing 36...
Removing 36...
Removing 41...
Removing 46...
Removing 59...
Removing 67...
Removing 68...
Removing 88...
Removing 95...
Removing 97...
-> Added 0 edges avoiding K4
-> -> -> -> -> -> -> -> Cuts: 3 3 4 18 19 22 23 25 25 25 34 38 48 49 55 61 75 84 86 107 115 118 
Removing 3...
Removing 2...
Removing 2...
Removing 15...
Removing 15...
Removing 17...
Removing 17...
Removing 18...
Removing 17...
Removing 16...
Removing 24...
Removing 27...
Removing 36...
Removing 36...
Removing 41...
Removing 46...
Removing 59...
Removing 67...
Removing 68...
Removing 88...
Removing 95...
Removing 97...
-> Added 0 edges avoiding K4
-> -> -> -> -> -> -> -> Cuts: 3 3 4 18 19 22 23 25 25 25 34 38 48 49 55 61 71 75 84 86 107 115 118 
Removing 3...
Removing 2...
Removing 2...
Removing 15...
Removing 15...
Removing 17...
Removing 17...
Removing 18...
Removing 17...
Removing 16...
Removing 24...
Removing 27...
Removing 36...
Removing 36...
Removing 41...
Removing 46...
Removing 55...
Removing 58...
Removing 66...
Removing 67...
Removing 87...
Removing 94...
Removing 96...
-> Added 0 edges avoiding K4
-> -> -> -> -> -> -> -> Cuts: 10 19 19 20 44 49 52 56 81 82 85 85 86 94 99 99 104 104 105 106 110 113 117 
Removing 10...
Removing 18...
Removing 17...
Removing 17...
Removing 40...
Removing 44...
Removing 46...
Removing 49...
Removing 73...
Removing 73...
Removing 75...
Removing 74...
Removing 74...
Removing 81...
Removing 85...
Removing 84...
Removing 88...
Removing 87...
Removing 87...
Removing 87...
Removing 90...
Removing 92...
Removing 95...
-> Added 0 edges avoiding K4
-> -> -> -> -> -> -> -> Cuts: 10 19 19 20 44 49 52 56 81 82 85 85 86 94 99 99 104 104 105 106 110 113 117 
Removing 10...
Removing 18...
Removing 17...
Removing 17...
Removing 40...
Removing 44...
Removing 46...
Removing 49...
Removing 73...
Removing 73...
Removing 75...
Removing 74...
Removing 74...
Removing 81...
Removing 85...
Removing 84...
Removing 88...
Removing 87...
Removing 87...
Removing 87...
Removing 90...
Removing 92...
Removing 95...
-> Added 0 edges avoiding K4
-> -> -> -> -> -> -> -> Cuts: 10 19 19 20 44 49 52 56 81 82 85 85 86 94 99 99 104 104 105 106 110 113 117 
Removing 10...
Removing 18...
Removing 17...
Removing 17...
Removing 40...
Removing 44...
Removing 46...
Removing 49...
Removing 73...
Removing 73...
Removing 75...
Removing 74...
Removing 74...
Removing 81...
Removing 85...
Removing 84...
Removing 88...
Removing 87...
Removing 87...
Removing 87...
Removing 90...
Removing 92...
Removing 95...
-> Added 0 edges avoiding K4
-> -> -> -> -> -> -> -> Cuts: 10 19 19 20 44 49 52 56 81 82 85 85 86 94 99 99 104 104 105 106 110 113 117 
Removing 10...
Removing 18...
Removing 17...
Removing 17...
Removing 40...
Removing 44...
Removing 46...
Removing 49...
Removing 73...
Removing 73...
Removing 75...
Removing 74...
Removing 74...
Removing 81...
Removing 85...
Removing 84...
Removing 88...
Removing 87...
Removing 87...
Removing 87...
Removing 90...
Removing 92...
Removing 95...
-> Added 0 edges avoiding K4
-> -> -> -> -> -> -> -> Cuts: 2 9 11 15 21 34 43 48 48 49 50 54 56 76 76 79 87 90 94 97 110 114 122 124 
Removing 2...
Removing 8...
Removing 9...
Removing 12...
Removing 17...
Removing 29...
Removing 37...
Removing 41...
Removing 40...
Removing 40...
Removing 40...
Removing 43...
Removing 44...
Removing 63...
Removing 62...
Removing 64...
Removing 71...
Removing 73...
Removing 76...
Removing 78...
Removing 90...
Removing 93...
Removing 100...
Removing 101...
-> Added 0 edges avoiding K4
-> -> -> -> -> -> -> -> Cuts: 2 9 11 15 21 34 43 48 48 49 50 54 56 76 76 79 87 90 94 97 110 114 122 124 
Removing 2...
Removing 8...
Removing 9...
Removing 12...
Removing 17...
Removing 29...
Removing 37...
Removing 41...
Removing 40...
Removing 40...
Removing 40...
Removing 43...
Removing 44...
Removing 63...
Removing 62...
Removing 64...
Removing 71...
Removing 73...
Removing 76...
Removing 78...
Removing 90...
Removing 93...
Removing 100...
Removing 101...
-> Added 0 edges avoiding K4
-> -> -> -> -> -> -> -> Cuts: 2 9 11 15 21 34 43 48 48 49 50 54 56 76 76 79 87 90 94 97 110 114 122 124 
Removing 2...
Removing 8...
Removing 9...
Removing 12...
Removing 17...
Removing 29...
Removing 37...
Removing 41...
Removing 40...
Removing 40...
Removing 40...
Removing 43...
Removing 44...
Removing 63...
Removing 62...
Removing 64...
Removing 71...
Removing 73...
Removing 76...
Removing 78...
Removing 90...
Removing 93...
Removing 100...
Removing 101...
-> Added 0 edges avoiding K4
-> -> -> -> -> -> -> -> Cuts: 2 8 11 12 16 21 23 48 57 64 70 75 75 76 76 78 80 84 91 98 98 111 114 121 
Removing 2...
Removing 7...
Removing 9...
Removing 9...
Removing 12...
Removing 16...
Removing 17...
Removing 41...
Removing 49...
Removing 55...
Removing 60...
Removing 64...
Removing 63...
Removing 63...
Removing 62...
Removing 63...
Removing 64...
Removing 67...
Removing 73...
Removing 79...
Removing 78...
Removing 90...
Removing 92...
Removing 98...
-> Added 0 edges avoiding K4
-> -> -> -> -> -> -> -> Cuts: 2 8 11 12 16 21 23 48 57 64 70 75 75 76 76 78 80 84 91 98 98 111 114 121 
Removing 2...
Removing 7...
Removing 9...
Removing 9...
Removing 12...
Removing 16...
Removing 17...
Removing 41...
Removing 49...
Removing 55...
Removing 60...
Removing 64...
Removing 63...
Removing 63...
Removing 62...
Removing 63...
Removing 64...
Removing 67...
Removing 73...
Removing 79...
Removing 78...
Removing 90...
Removing 92...
Removing 98...
-> Added 0 edges avoiding K4
-> -> -> -> -> -> -> -> Cuts: 2 8 11 12 16 21 23 48 57 64 70 75 75 76 76 78 80 84 91 98 98 111 114 115 121 
Removing 2...
Removing 7...
Removing 9...
Removing 9...
Removing 12...
Removing 16...
Removing 17...
Removing 41...
Removing 49...
Removing 55...
Removing 60...
Removing 64...
Removing 63...
Removing 63...
Removing 62...
Removing 63...
Removing 64...
Removing 67...
Removing 73...
Removing 79...
Removing 78...
Removing 90...
Removing 92...
Removing 92...
Removing 97...
-> Added 0 edges avoiding K4
-> -> -> -> -> -> -> -> Cuts: 2 8 11 12 16 21 23 48 57 64 70 75 75 76 76 78 80 84 91 98 98 111 114 115 121 
Removing 2...
Removing 7...
Removing 9...
Removing 9...
Removing 12...
Removing 16...
Removing 17...
Removing 41...
Removing 49...
Removing 55...
Removing 60...
Removing 64...
Removing 63...
Removing 63...
Removing 62...
Removing 63...
Removing 64...
Removing 67...
Removing 73...
Removing 79...
Removing 78...
Removing 90...
Removing 92...
Removing 92...
Removing 97...
-> Added 0 edges avoiding K4
-> -> -> -> -> -> -> -> Cuts: 0 2 5 7 9 17 25 25 31 33 37 38 44 50 57 68 68 74 80 80 84 106 112 120 124 
Removing 0...
Removing 1...
Removing 3...
Removing 4...
Removing 5...
Removing 12...
Removing 19...
Removing 18...
Removing 23...
Removing 24...
Removing 27...
Removing 27...
Removing 32...
Removing 37...
Removing 43...
Removing 53...
Removing 52...
Removing 57...
Removing 62...
Removing 61...
Removing 64...
Removing 85...
Removing 90...
Removing 97...
Removing 100...
-> Added 0 edges avoiding K4
-> -> -> -> -> -> -> -> Cuts: 0 2 5 7 9 17 25 25 31 33 37 38 44 50 57 68 68 74 80 80 84 106 112 120 124 
Removing 0...
Removing 1...
Removing 3...
Removing 4...
Removing 5...
Removing 12...
Removing 19...
Removing 18...
Removing 23...
Removing 24...
Removing 27...
Removing 27...
Removing 32...
Removing 37...
Removing 43...
Removing 53...
Removing 52...
Removing 57...
Removing 62...
Removing 61...
Removing 64...
Removing 85...
Removing 90...
Removing 97...
Removing 100...
-> Added 0 edges avoiding K4
-> -> -> -> -> -> -> -> Cuts: 0 2 5 7 9 17 25 25 31 33 37 38 44 50 57 68 68 74 80 80 84 106 112 120 124 
Removing 0...
Removing 1...
Removing 3...
Removing 4...
Removing 5...
Removing 12...
Removing 19...
Removing 18...
Removing 23...
Removing 24...
Removing 27...
Removing 27...
Removing 32...
Removing 37...
Removing 43...
Removing 53...
Removing 52...
Removing 57...
Removing 62...
Removing 61...
Removing 64...
Removing 85...
Removing 90...
Removing 97...
Removing 100...
-> Added 0 edges avoiding K4
-> -> -> -> -> -> -> -> Cuts: 0 2 5 7 9 17 25 25 31 33 37 38 44 47 50 57 68 68 74 80 80 84 106 112 120 124 
Removing 0...
Removing 1...
Removing 3...
Removing 4...
Removing 5...
Removing 12...
Removing 19...
Removing 18...
Removing 23...
Removing 24...
Removing 27...
Removing 27...
Removing 32...
Removing 34...
Removing 36...
Removing 42...
Removing 52...
Removing 51...
Removing 56...
Removing 61...
Removing 60...
Removing 63...
Removing 84...
Removing 89...
Removing 96...
Removing 99...
-> Added 0 edges avoiding K4
-> -> -> -> -> -> -> -> Cuts: 3 4 14 20 26 26 30 30 39 44 46 48 49 51 59 65 67 73 76 87 93 109 109 110 126 126 
Removing 3...
Removing 3...
Removing 12...
Removing 17...
Removing 22...
Removing 21...
Removing 24...
Removing 23...
Removing 31...
Removing 35...
Removing 36...
Removing 37...
Removing 37...
Removing 38...
Removing 45...
Removing 50...
Removing 51...
Removing 56...
Removing 58...
Removing 68...
Removing 73...
Removing 88...
Removing 87...
Removing 87...
Removing 102...
Removing 101...
-> Added 0 edges avoiding K4
-> -> -> -> -> -> -> -> Cuts: 3 4 14 20 26 26 30 30 39 44 46 48 49 51 59 65 67 73 76 87 93 109 109 110 126 126 
Removing 3...
Removing 3...
Removing 12...
Removing 17...
Removing 22...
Removing 21...
Removing 24...
Removing 23...
Removing 31...
Removing 35...
Removing 36...
Removing 37...
Removing 37...
Removing 38...
Removing 45...
Removing 50...
Removing 51...
Removing 56...
Removing 58...
Removing 68...
Removing 73...
Removing 88...
Removing 87...
Removing 87...
Removing 102...
Removing 101...
-> Added 0 edges avoiding K4
-> -> -> -> -> -> -> -> Cuts: 3 4 14 20 26 26 30 30 39 44 46 48 49 51 59 65 67 73 76 87 93 109 109 110 126 126 
Removing 3...
Removing 3...
Removing 12...
Removing 17...
Removing 22...
Removing 21...
Removing 24...
Removing 23...
Removing 31...
Removing 35...
Removing 36...
Removing 37...
Removing 37...
Removing 38...
Removing 45...
Removing 50...
Removing 51...
Removing 56...
Removing 58...
Removing 68...
Removing 73...
Removing 88...
Removing 87...
Removing 87...
Removing 102...
Removing 101...
-> Added 0 edges avoiding K4
-> -> -> -> -> -> -> -> Cuts: 3 4 14 20 26 26 30 30 39 44 46 48 49 51 59 65 67 73 76 87 93 109 109 110 126 126 
Removing 3...
Removing 3...
Removing 12...
Removing 17...
Removing 22...
Removing 21...
Removing 24...
Removing 23...
Removing 31...
Removing 35...
Removing 36...
Removing 37...
Removing 37...
Removing 38...
Removing 45...
Removing 50...
Removing 51...
Removing 56...
Removing 58...
Removing 68...
Removing 73...
Removing 88...
Removing 87...
Removing 87...
Removing 102...
Removing 101...
-> Added 0 edges avoiding K4
-> -> -> -> -> -> -> -> Cuts: 1 2 4 21 25 30 33 37 42 45 52 55 70 71 71 89 90 92 98 109 109 117 117 120 120 125 126 
Removing 1...
Removing 1...
Removing 2...
Removing 18...
Removing 21...
Removing 25...
Removing 27...
Removing 30...
Removing 34...
Removing 36...
Removing 42...
Removing 44...
Removing 58...
Removing 58...
Removing 57...
Removing 74...
Removing 74...
Removing 75...
Removing 80...
Removing 90...
Removing 89...
Removing 96...
Removing 95...
Removing 97...
Removing 96...
Removing 100...
Removing 100...
-> Added 0 edges avoiding K4
-> -> -> -> -> -> -> -> Cuts: 1 2 4 21 25 30 33 37 42 45 52 55 70 71 71 89 90 92 98 109 109 117 117 120 120 125 126 
Removing 1...
Removing 1...
Removing 2...
Removing 18...
Removing 21...
Removing 25...
Removing 27...
Removing 30...
Removing 34...
Removing 36...
Removing 42...
Removing 44...
Removing 58...
Removing 58...
Removing 57...
Removing 74...
Removing 74...
Removing 75...
Removing 80...
Removing 90...
Removing 89...
Removing 96...
Removing 95...
Removing 97...
Removing 96...
Removing 100...
Removing 100...
-> Added 0 edges avoiding K4
-> -> -> -> -> -> -> -> Cuts: 1 2 4 21 25 30 33 37 42 45 52 55 70 71 71 89 90 92 98 109 109 117 117 120 120 125 126 
Removing 1...
Removing 1...
Removing 2...
Removing 18...
Removing 21...
Removing 25...
Removing 27...
Removing 30...
Removing 34...
Removing 36...
Removing 42...
Removing 44...
Removing 58...
Removing 58...
Removing 57...
Removing 74...
Removing 74...
Removing 75...
Removing 80...
Removing 90...
Removing 89...
Removing 96...
Removing 95...
Removing 97...
Removing 96...
Removing 100...
Removing 100...
-> Added 0 edges avoiding K4
-> -> -> -> -> -> -> -> Cuts: 1 2 4 21 25 30 33 37 42 45 52 55 70 71 71 89 90 92 98 109 109 117 117 120 120 125 126 
Removing 1...
Removing 1...
Removing 2...
Removing 18...
Removing 21...
Removing 25...
Removing 27...
Removing 30...
Removing 34...
Removing 36...
Removing 42...
Removing 44...
Removing 58...
Removing 58...
Removing 57...
Removing 74...
Removing 74...
Removing 75...
Removing 80...
Removing 90...
Removing 89...
Removing 96...
Removing 95...
Removing 97...
Removing 96...
Removing 100...
Removing 100...
-> Added 0 edges avoiding K4
-> -> -> -> -> -> -> -> Cuts: 9 27 33 36 36 38 39 40 42 44 46 50 53 65 69 75 77 78 78 81 83 95 103 104 110 114 123 
Removing 9...
Removing 26...
Removing 31...
Removing 33...
Removing 32...
Removing 33...
Removing 33...
Removing 33...
Removing 34...
Removing 35...
Removing 36...
Removing 39...
Removing 41...
Removing 52...
Removing 55...
Removing 60...
Removing 61...
Removing 61...
Removing 60...
Removing 62...
Removing 63...
Removing 74...
Removing 81...
Removing 81...
Removing 86...
Removing 89...
Removing 97...
-> Added 0 edges avoiding K4
-> -> -> -> -> -> -> -> Cuts: 9 27 33 36 36 38 39 40 42 44 46 50 53 65 69 75 77 78 78 81 83 91 95 103 104 110 114 123 
Removing 9...
Removing 26...
Removing 31...
Removing 33...
Removing 32...
Removing 33...
Removing 33...
Removing 33...
Removing 34...
Removing 35...
Removing 36...
Removing 39...
Removing 41...
Removing 52...
Removing 55...
Removing 60...
Removing 61...
Removing 61...
Removing 60...
Removing 62...
Removing 63...
Removing 70...
Removing 73...
Removing 80...
Removing 80...
Removing 85...
Removing 88...
Removing 96...
-> Added 0 edges avoiding K4
-> -> -> -> -> -> -> -> Cuts: 9 27 33 36 36 38 39 40 42 44 46 50 53 65 69 75 77 78 78 81 83 91 95 103 104 110 114 123 
Removing 9...
Removing 26...
Removing 31...
Removing 33...
Removing 32...
Removing 33...
Removing 33...
Removing 33...
Removing 34...
Removing 35...
Removing 36...
Removing 39...
Removing 41...
Removing 52...
Removing 55...
Removing 60...
Removing 61...
Removing 61...
Removing 60...
Removing 62...
Removing 63...
Removing 70...
Removing 73...
Removing 80...
Removing 80...
Removing 85...
Removing 88...
Removing 96...
-> Added 0 edges avoiding K4
-> -> -> -> -> -> -> -> Cuts: 9 27 33 36 36 38 39 40 42 44 46 50 53 65 69 75 77 78 78 81 83 91 95 103 104 110 114 123 
Removing 9...
Removing 26...
Removing 31...
Removing 33...
Removing 32...
Removing 33...
Removing 33...
Removing 33...
Removing 34...
Removing 35...
Removing 36...
Removing 39...
Removing 41...
Removing 52...
Removing 55...
Removing 60...
Removing 61...
Removing 61...
Removing 60...
Removing 62...
Removing 63...
Removing 70...
Removing 73...
Removing 80...
Removing 80...
Removing 85...
Removing 88...
Removing 96...
-> Added 0 edges avoiding K4
-> -> -> -> -> -> -> -> Cuts: 9 27 33 36 36 38 39 40 42 44 46 50 53 65 69 75 77 78 78 81 83 91 95 103 104 110 114 123 
Removing 9...
Removing 26...
Removing 31...
Removing 33...
Removing 32...
Removing 33...
Removing 33...
Removing 33...
Removing 34...
Removing 35...
Removing 36...
Removing 39...
Removing 41...
Removing 52...
Removing 55...
Removing 60...
Removing 61...
Removing 61...
Removing 60...
Removing 62...
Removing 63...
Removing 70...
Removing 73...
Removing 80...
Removing 80...
Removing 85...
Removing 88...
Removing 96...
-> Added 0 edges avoiding K4
-> -> -> -> -> -> -> -> Cuts: 1 7 12 19 19 22 32 33 33 38 45 50 51 59 64 66 69 79 80 89 92 97 101 107 108 111 114 120 
Removing 1...
Removing 6...
Removing 10...
Removing 16...
Removing 15...
Removing 17...
Removing 26...
Removing 26...
Removing 25...
Removing 29...
Removing 35...
Removing 39...
Removing 39...
Removing 46...
Removing 50...
Removing 51...
Removing 53...
Removing 62...
Removing 62...
Removing 70...
Removing 72...
Removing 76...
Removing 79...
Removing 84...
Removing 84...
Removing 86...
Removing 88...
Removing 93...
-> Added 0 edges avoiding K4
-> -> -> -> -> -> -> -> Cuts: 1 7 12 19 19 22 32 33 33 38 45 50 51 59 64 66 69 79 80 88 89 92 97 101 107 108 111 114 120 
Removing 1...
Removing 6...
Removing 10...
Removing 16...
Removing 15...
Removing 17...
Removing 26...
Removing 26...
Removing 25...
Removing 29...
Removing 35...
Removing 39...
Removing 39...
Removing 46...
Removing 50...
Removing 51...
Removing 53...
Removing 62...
Removing 62...
Removing 69...
Removing 69...
Removing 71...
Removing 75...
Removing 78...
Removing 83...
Removing 83...
Removing 85...
Removing 87...
Removing 92...
-> Added 0 edges avoiding K4
-> -> -> -> -> -> -> -> Cuts: 1 7 12 19 19 22 32 33 33 38 45 50 51 59 64 66 69 79 80 88 89 92 97 101 107 108 111 114 120 
Removing 1...
Removing 6...
Removing 10...
Removing 16...
Removing 15...
Removing 17...
Removing 26...
Removing 26...
Removing 25...
Removing 29...
Removing 35...
Removing 39...
Removing 39...
Removing 46...
Removing 50...
Removing 51...
Removing 53...
Removing 62...
Removing 62...
Removing 69...
Removing 69...
Removing 71...
Removing 75...
Removing 78...
Removing 83...
Removing 83...
Removing 85...
Removing 87...
Removing 92...
-> Added 0 edges avoiding K4
-> -> -> -> -> -> -> -> Cuts: 1 7 12 19 19 22 32 33 33 38 45 50 51 59 64 66 69 79 80 88 89 92 97 101 107 108 111 114 120 
Removing 1...
Removing 6...
Removing 10...
Removing 16...
Removing 15...
Removing 17...
Removing 26...
Removing 26...
Removing 25...
Removing 29...
Removing 35...
Removing 39...
Removing 39...
Removing 46...
Removing 50...
Removing 51...
Removing 53...
Removing 62...
Removing 62...
Removing 69...
Removing 69...
Removing 71...
Removing 75...
Removing 78...
Removing 83...
Removing 83...
Removing 85...
Removing 87...
Removing 92...
-> Added 0 edges avoiding K4
-> -> -> -> -> -> -> -> Cuts: 16 17 22 24 25 26 29 32 43 49 52 54 61 66 67 70 80 85 91 91 92 97 100 101 102 104 115 117 123 
Removing 16...
Removing 16...
Removing 20...
Removing 21...
Removing 21...
Removing 21...
Removing 23...
Removing 25...
Removing 35...
Removing 40...
Removing 42...
Removing 43...
Removing 49...
Removing 53...
Removing 53...
Removing 55...
Removing 64...
Removing 68...
Removing 73...
Removing 72...
Removing 72...
Removing 76...
Removing 78...
Removing 78...
Removing 78...
Removing 79...
Removing 89...
Removing 90...
Removing 95...
-> Added 0 edges avoiding K4
-> -> -> -> -> -> -> -> Cuts: 16 17 22 24 25 26 29 32 43 49 52 54 61 66 67 70 80 85 91 91 92 97 100 101 102 104 115 117 123 
Removing 16...
Removing 16...
Removing 20...
Removing 21...
Removing 21...
Removing 21...
Removing 23...
Removing 25...
Removing 35...
Removing 40...
Removing 42...
Removing 43...
Removing 49...
Removing 53...
Removing 53...
Removing 55...
Removing 64...
Removing 68...
Removing 73...
Removing 72...
Removing 72...
Removing 76...
Removing 78...
Removing 78...
Removing 78...
Removing 79...
Removing 89...
Removing 90...
Removing 95...
-> Added 0 edges avoiding K4
-> -> -> -> -> -> -> -> Cuts: 16 17 22 24 25 26 29 32 43 49 52 54 59 61 66 67 70 80 85 91 91 92 97 100 101 102 104 115 117 123 
Removing 16...
Removing 16...
Removing 20...
Removing 21...
Removing 21...
Removing 21...
Removing 23...
Removing 25...
Removing 35...
Removing 40...
Removing 42...
Removing 43...
Removing 47...
Removing 48...
Removing 52...
Removing 52...
Removing 54...
Removing 63...
Removing 67...
Removing 72...
Removing 71...
Removing 71...
Removing 75...
Removing 77...
Removing 77...
Removing 77...
Removing 78...
Removing 88...
Removing 89...
Removing 94...
-> Added 0 edges avoiding K4
-> -> -> -> -> -> -> -> Cuts: 16 17 22 24 25 26 29 32 43 49 52 54 59 61 66 67 70 80 85 91 91 92 97 100 101 102 104 115 117 123 
Removing 16...
Removing 16...
Removing 20...
Removing 21...
Removing 21...
Removing 21...
Removing 23...
Removing 25...
Removing 35...
Removing 40...
Removing 42...
Removing 43...
Removing 47...
Removing 48...
Removing 52...
Removing 52...
Removing 54...
Removing 63...
Removing 67...
Removing 72...
Removing 71...
Removing 71...
Removing 75...
Removing 77...
Removing 77...
Removing 77...
Removing 78...
Removing 88...
Removing 89...
Removing 94...
-> Added 0 edges avoiding K4
-> -> -> -> -> -> -> -> Cuts: 1 4 7 7 8 10 14 18 31 33 34 41 43 46 47 50 59 60 63 64 65 67 69 78 97 98 107 110 110 114 
Removing 1...
Removing 3...
Removing 5...
Removing 4...
Removing 4...
Removing 5...
Removing 8...
Removing 11...
Removing 23...
Removing 24...
Removing 24...
Removing 30...
Removing 31...
Removing 33...
Removing 33...
Removing 35...
Removing 43...
Removing 43...
Removing 45...
Removing 45...
Removing 45...
Removing 46...
Removing 47...
Removing 55...
Removing 73...
Removing 73...
Removing 81...
Removing 83...
Removing 82...
Removing 85...
-> Added 0 edges avoiding K4
-> -> -> -> -> -> -> -> Cuts: 1 4 7 7 8 10 14 18 31 33 34 41 43 46 47 50 59 60 63 64 65 67 69 78 97 98 107 110 110 114 
Removing 1...
Removing 3...
Removing 5...
Removing 4...
Removing 4...
Removing 5...
Removing 8...
Removing 11...
Removing 23...
Removing 24...
Removing 24...
Removing 30...
Removing 31...
Removing 33...
Removing 33...
Removing 35...
Removing 43...
Removing 43...
Removing 45...
Removing 45...
Removing 45...
Removing 46...
Removing 47...
Removing 55...
Removing 73...
Removing 73...
Removing 81...
Removing 83...
Removing 82...
Removing 85...
-> Added 0 edges avoiding K4
-> -> -> -> -> -> -> -> Cuts: 1 4 7 7 8 10 14 18 31 33 34 41 43 46 47 50 59 60 63 64 65 67 69 78 97 98 107 110 110 114 
Removing 1...
Removing 3...
Removing 5...
Removing 4...
Removing 4...
Removing 5...
Removing 8...
Removing 11...
Removing 23...
Removing 24...
Removing 24...
Removing 30...
Removing 31...
Removing 33...
Removing 33...
Removing 35...
Removing 43...
Removing 43...
Removing 45...
Removing 45...
Removing 45...
Removing 46...
Removing 47...
Removing 55...
Removing 73...
Removing 73...
Removing 81...
Removing 83...
Removing 82...
Removing 85...
-> Added 0 edges avoiding K4
-> -> -> -> -> -> -> -> Cuts: 1 4 7 7 8 10 14 18 31 33 34 41 43 46 47 50 59 60 63 64 65 67 69 78 97 98 105 107 110 110 114 
Removing 1...
Removing 3...
Removing 5...
Removing 4...
Removing 4...
Removing 5...
Removing 8...
Removing 11...
Removing 23...
Removing 24...
Removing 24...
Removing 30...
Removing 31...
Removing 33...
Removing 33...
Removing 35...
Removing 43...
Removing 43...
Removing 45...
Removing 45...
Removing 45...
Removing 46...
Removing 47...
Removing 55...
Removing 73...
Removing 73...
Removing 79...
Removing 80...
Removing 82...
Removing 81...
Removing 84...
-> Added 0 edges avoiding K4
-> -> -> -> -> -> -> -> Cuts: 1 4 7 7 8 10 14 18 31 33 34 41 43 46 47 50 59 60 63 64 65 67 69 78 97 98 105 107 110 110 114 
Removing 1...
Removing 3...
Removing 5...
Removing 4...
Removing 4...
Removing 5...
Removing 8...
Removing 11...
Removing 23...
Removing 24...
Removing 24...
Removing 30...
Removing 31...
Removing 33...
Removing 33...
Removing 35...
Removing 43...
Removing 43...
Removing 45...
Removing 45...
Removing 45...
Removing 46...
Removing 47...
Removing 55...
Removing 73...
Removing 73...
Removing 79...
Removing 80...
Removing 82...
Removing 81...
Removing 84...
-> Added 0 edges avoiding K4
-> -> -> -> -> -> -> -> Cuts: 5 8 13 15 19 23 25 27 31 31 33 35 38 50 62 70 73 79 88 94 96 97 99 99 100 103 105 114 116 120 125 
Removing 5...
Removing 7...
Removing 11...
Removing 12...
Removing 15...
Removing 18...
Removing 19...
Removing 20...
Removing 23...
Removing 22...
Removing 23...
Removing 24...
Removing 26...
Removing 37...
Removing 48...
Removing 55...
Removing 57...
Removing 62...
Removing 70...
Removing 75...
Removing 76...
Removing 76...
Removing 77...
Removing 76...
Removing 76...
Removing 78...
Removing 79...
Removing 87...
Removing 88...
Removing 91...
Removing 95...
-> Added 1 edges avoiding K4
-> -> -> -> -> -> -> -> Cuts: 5 8 13 15 19 23 25 27 31 31 33 35 38 50 62 70 73 79 88 94 96 97 99 99 100 103 105 114 116 120 125 
Removing 5...
Removing 7...
Removing 11...
Removing 12...
Removing 15...
Removing 18...
Removing 19...
Removing 20...
Removing 23...
Removing 22...
Removing 23...
Removing 24...
Removing 26...
Removing 37...
Removing 48...
Removing 55...
Removing 57...
Removing 62...
Removing 70...
Removing 75...
Removing 76...
Removing 76...
Removing 77...
Removing 76...
Removing 76...
Removing 78...
Removing 79...
Removing 87...
Removing 88...
Removing 91...
Removing 95...
-> Added 1 edges avoiding K4
-> -> -> -> -> -> -> -> Cuts: 5 8 13 15 19 23 25 27 31 31 33 35 38 50 62 70 73 79 88 94 96 97 99 99 100 103 105 114 116 120 125 
Removing 5...
Removing 7...
Removing 11...
Removing 12...
Removing 15...
Removing 18...
Removing 19...
Removing 20...
Removing 23...
Removing 22...
Removing 23...
Removing 24...
Removing 26...
Removing 37...
Removing 48...
Removing 55...
Removing 57...
Removing 62...
Removing 70...
Removing 75...
Removing 76...
Removing 76...
Removing 77...
Removing 76...
Removing 76...
Removing 78...
Removing 79...
Removing 87...
Removing 88...
Removing 91...
Removing 95...
-> Added 1 edges avoiding K4
-> -> -> -> -> -> -> -> Cuts: 5 8 13 15 19 23 25 27 31 31 33 35 38 38 50 62 70 73 79 88 94 96 97 99 99 100 103 105 114 116 120 125 
Removing 5...
Removing 7...
Removing 11...
Removing 12...
Removing 15...
Removing 18...
Removing 19...
Removing 20...
Removing 23...
Removing 22...
Removing 23...
Removing 24...
Removing 26...
Removing 25...
Removing 36...
Removing 47...
Removing 54...
Removing 56...
Removing 61...
Removing 69...
Removing 74...
Removing 75...
Removing 75...
Removing 76...
Removing 75...
Removing 75...
Removing 77...
Removing 78...
Removing 86...
Removing 87...
Removing 90...
Removing 94...
-> Added 1 edges avoiding K4
-> -> -> -> -> -> -> -> Cuts: 5 8 13 15 19 23 25 27 31 31 33 35 38 38 50 62 70 73 79 88 94 96 97 99 99 100 103 105 114 116 120 125 
Removing 5...
Removing 7...
Removing 11...
Removing 12...
Removing 15...
Removing 18...
Removing 19...
Removing 20...
Removing 23...
Removing 22...
Removing 23...
Removing 24...
Removing 26...
Removing 25...
Removing 36...
Removing 47...
Removing 54...
Removing 56...
Removing 61...
Removing 69...
Removing 74...
Removing 75...
Removing 75...
Removing 76...
Removing 75...
Removing 75...
Removing 77...
Removing 78...
Removing 86...
Removing 87...
Removing 90...
Removing 94...
-> Added 1 edges avoiding K4
-> -> -> -> -> -> -> -> Cuts: 2 3 15 15 16 21 30 32 40 41 42 46 47 49 55 62 64 68 74 75 76 80 80 82 86 87 100 117 118 118 124 126 
Removing 2...
Removing 2...
Removing 13...
Removing 12...
Removing 12...
Removing 16...
Removing 24...
Removing 25...
Removing 32...
Removing 32...
Removing 32...
Removing 35...
Removing 35...
Removing 36...
Removing 41...
Removing 47...
Removing 48...
Removing 51...
Removing 56...
Removing 56...
Removing 56...
Removing 59...
Removing 58...
Removing 59...
Removing 62...
Removing 62...
Removing 74...
Removing 90...
Removing 90...
Removing 89...
Removing 94...
Removing 95...
-> Added 0 edges avoiding K4
-> -> -> -> -> -> -> -> Cuts: 2 3 15 15 16 21 30 32 40 41 42 46 47 49 55 62 64 68 74 75 76 80 80 82 86 87 100 117 118 118 124 126 
Removing 2...
Removing 2...
Removing 13...
Removing 12...
Removing 12...
Removing 16...
Removing 24...
Removing 25...
Removing 32...
Removing 32...
Removing 32...
Removing 35...
Removing 35...
Removing 36...
Removing 41...
Removing 47...
Removing 48...
Removing 51...
Removing 56...
Removing 56...
Removing 56...
Removing 59...
Removing 58...
Removing 59...
Removing 62...
Removing 62...
Removing 74...
Removing 90...
Removing 90...
Removing 89...
Removing 94...
Removing 95...
-> Added 0 edges avoiding K4
-> -> -> -> -> -> -> -> Cuts: 2 3 15 15 16 21 30 32 40 41 42 46 47 49 55 62 64 68 74 75 76 80 80 82 86 87 100 117 118 118 124 126 
Removing 2...
Removing 2...
Removing 13...
Removing 12...
Removing 12...
Removing 16...
Removing 24...
Removing 25...
Removing 32...
Removing 32...
Removing 32...
Removing 35...
Removing 35...
Removing 36...
Removing 41...
Removing 47...
Removing 48...
Removing 51...
Removing 56...
Removing 56...
Removing 56...
Removing 59...
Removing 58...
Removing 59...
Removing 62...
Removing 62...
Removing 74...
Removing 90...
Removing 90...
Removing 89...
Removing 94...
Removing 95...
-> Added 0 edges avoiding K4
-> -> -> -> -> -> -> -> Cuts: 2 3 15 15 16 21 30 32 40 41 42 46 47 49 55 62 64 67 68 74 75 76 80 80 82 86 87 100 117 118 118 124 126 
Removing 2...
Removing 2...
Removing 13...
Removing 12...
Removing 12...
Removing 16...
Removing 24...
Removing 25...
Removing 32...
Removing 32...
Removing 32...
Removing 35...
Removing 35...
Removing 36...
Removing 41...
Removing 47...
Removing 48...
Removing 50...
Removing 50...
Removing 55...
Removing 55...
Removing 55...
Removing 58...
Removing 57...
Removing 58...
Removing 61...
Removing 61...
Removing 73...
Removing 89...
Removing 89...
Removing 88...
Removing 93...
Removing 94...
-> Added 0 edges avoiding K4
-> -> -> -> -> -> -> -> Cuts: 2 4 8 11 12 17 17 17 30 36 43 46 47 48 57 58 70 71 72 74 76 77 77 80 81 87 89 93 113 117 119 122 126 
Removing 2...
Removing 3...
Removing 6...
Removing 8...
Removing 8...
Removing 12...
Removing 11...
Removing 10...
Removing 22...
Removing 27...
Removing 33...
Removing 35...
Removing 35...
Removing 35...
Removing 43...
Removing 43...
Removing 54...
Removing 54...
Removing 54...
Removing 55...
Removing 56...
Removing 56...
Removing 55...
Removing 57...
Removing 57...
Removing 62...
Removing 63...
Removing 66...
Removing 85...
Removing 88...
Removing 89...
Removing 91...
Removing 94...
-> Added 0 edges avoiding K4
-> -> -> -> -> -> -> -> Cuts: 2 4 8 11 12 17 17 17 30 36 43 46 47 48 57 58 70 71 72 74 76 77 77 80 81 87 89 93 113 117 119 122 126 
Removing 2...
Removing 3...
Removing 6...
Removing 8...
Removing 8...
Removing 12...
Removing 11...
Removing 10...
Removing 22...
Removing 27...
Removing 33...
Removing 35...
Removing 35...
Removing 35...
Removing 43...
Removing 43...
Removing 54...
Removing 54...
Removing 54...
Removing 55...
Removing 56...
Removing 56...
Removing 55...
Removing 57...
Removing 57...
Removing 62...
Removing 63...
Removing 66...
Removing 85...
Removing 88...
Removing 89...
Removing 91...
Removing 94...
-> Added 0 edges avoiding K4
-> -> -> -> -> -> -> -> Cuts: 2 4 8 11 12 17 17 17 30 36 43 46 47 48 57 58 70 71 72 74 76 77 77 80 81 87 89 93 113 117 119 122 126 
Removing 2...
Removing 3...
Removing 6...
Removing 8...
Removing 8...
Removing 12...
Removing 11...
Removing 10...
Removing 22...
Removing 27...
Removing 33...
Removing 35...
Removing 35...
Removing 35...
Removing 43...
Removing 43...
Removing 54...
Removing 54...
Removing 54...
Removing 55...
Removing 56...
Removing 56...
Removing 55...
Removing 57...
Removing 57...
Removing 62...
Removing 63...
Removing 66...
Removing 85...
Removing 88...
Removing 89...
Removing 91...
Removing 94...
-> Added 0 edges avoiding K4
-> -> -> -> -> -> -> -> Cuts: 2 4 8 11 12 17 17 17 30 36 43 46 47 48 57 58 70 71 72 74 76 77 77 80 81 87 89 93 113 117 119 122 126 
Removing 2...
Removing 3...
Removing 6...
Removing 8...
Removing 8...
Removing 12...
Removing 11...
Removing 10...
Removing 22...
Removing 27...
Removing 33...
Removing 35...
Removing 35...
Removing 35...
Removing 43...
Removing 43...
Removing 54...
Removing 54...
Removing 54...
Removing 55...
Removing 56...
Removing 56...
Removing 55...
Removing 57...
Removing 57...
Removing 62...
Removing 63...
Removing 66...
Removing 85...
Removing 88...
Removing 89...
Removing 91...
Removing 94...
-> Added 0 edges avoiding K4
-> -> -> -> -> -> -> -> Cuts: 2 4 8 11 12 17 17 17 30 36 43 46 47 48 57 58 69 70 71 72 74 76 77 77 80 81 87 89 93 113 117 119 122 126 
Removing 2...
Removing 3...
Removing 6...
Removing 8...
Removing 8...
Removing 12...
Removing 11...
Removing 10...
Removing 22...
Removing 27...
Removing 33...
Removing 35...
Removing 35...
Removing 35...
Removing 43...
Removing 43...
Removing 53...
Removing 53...
Removing 53...
Removing 53...
Removing 54...
Removing 55...
Removing 55...
Removing 54...
Removing 56...
Removing 56...
Removing 61...
Removing 62...
Removing 65...
Removing 84...
Removing 87...
Removing 88...
Removing 90...
Removing 93...
-> Added 0 edges avoiding K4
-> -> -> -> -> -> -> -> Cuts: 10 11 12 25 31 40 43 46 46 48 50 54 55 72 75 78 79 80 81 92 97 98 102 102 103 108 112 113 115 124 124 124 125 125 
Removing 10...
Removing 10...
Removing 10...
Removing 22...
Removing 27...
Removing 35...
Removing 37...
Removing 39...
Removing 38...
Removing 39...
Removing 40...
Removing 43...
Removing 43...
Removing 59...
Removing 61...
Removing 63...
Removing 63...
Removing 63...
Removing 63...
Removing 73...
Removing 77...
Removing 77...
Removing 80...
Removing 79...
Removing 79...
Removing 83...
Removing 86...
Removing 86...
Removing 87...
Removing 95...
Removing 94...
Removing 93...
Removing 93...
Removing 92...
-> Added 0 edges avoiding K4
-> -> -> -> -> -> -> -> Cuts: 10 11 12 25 31 40 43 46 46 48 50 54 55 72 75 78 79 80 81 92 97 98 102 102 103 108 112 113 115 124 124 124 125 125 
Removing 10...
Removing 10...
Removing 10...
Removing 22...
Removing 27...
Removing 35...
Removing 37...
Removing 39...
Removing 38...
Removing 39...
Removing 40...
Removing 43...
Removing 43...
Removing 59...
Removing 61...
Removing 63...
Removing 63...
Removing 63...
Removing 63...
Removing 73...
Removing 77...
Removing 77...
Removing 80...
Removing 79...
Removing 79...
Removing 83...
Removing 86...
Removing 86...
Removing 87...
Removing 95...
Removing 94...
Removing 93...
Removing 93...
Removing 92...
-> Added 0 edges avoiding K4
-> -> -> -> -> -> -> -> Cuts: 10 11 12 25 31 40 43 46 46 48 50 54 55 72 75 78 79 80 81 92 97 98 102 102 103 108 112 113 115 124 124 124 125 125 
Removing 10...
Removing 10...
Removing 10...
Removing 22...
Removing 27...
Removing 35...
Removing 37...
Removing 39...
Removing 38...
Removing 39...
Removing 40...
Removing 43...
Removing 43...
Removing 59...
Removing 61...
Removing 63...
Removing 63...
Removing 63...
Removing 63...
Removing 73...
Removing 77...
Removing 77...
Removing 80...
Removing 79...
Removing 79...
Removing 83...
Removing 86...
Removing 86...
Removing 87...
Removing 95...
Removing 94...
Removing 93...
Removing 93...
Removing 92...
-> Added 0 edges avoiding K4
-> -> -> -> -> -> -> -> Cuts: 10 11 12 25 31 40 43 46 46 48 50 54 55 72 75 78 79 80 81 92 97 98 102 102 103 108 112 113 115 124 124 124 125 125 
Removing 10...
Removing 10...
Removing 10...
Removing 22...
Removing 27...
Removing 35...
Removing 37...
Removing 39...
Removing 38...
Removing 39...
Removing 40...
Removing 43...
Removing 43...
Removing 59...
Removing 61...
Removing 63...
Removing 63...
Removing 63...
Removing 63...
Removing 73...
Removing 77...
Removing 77...
Removing 80...
Removing 79...
Removing 79...
Removing 83...
Removing 86...
Removing 86...
Removing 87...
Removing 95...
Removing 94...
Removing 93...
Removing 93...
Removing 92...
-> Added 0 edges avoiding K4
-> -> -> -> -> -> -> -> Cuts: 10 11 12 25 31 40 43 46 46 48 50 54 55 72 75 78 79 80 81 83 92 97 98 102 102 103 108 112 113 115 124 124 124 125 125 
Removing 10...
Removing 10...
Removing 10...
Removing 22...
Removing 27...
Removing 35...
Removing 37...
Removing 39...
Removing 38...
Removing 39...
Removing 40...
Removing 43...
Removing 43...
Removing 59...
Removing 61...
Removing 63...
Removing 63...
Removing 63...
Removing 63...
Removing 64...
Removing 72...
Removing 76...
Removing 76...
Removing 79...
Removing 78...
Removing 78...
Removing 82...
Removing 85...
Removing 85...
Removing 86...
Removing 94...
Removing 93...
Removing 92...
Removing 92...
Removing 91...
-> Added 0 edges avoiding K4
-> -> -> -> -> -> -> -> Cuts: 1 10 16 16 16 17 28 29 36 37 44 45 54 66 78 83 91 95 95 95 99 100 105 106 108 108 109 109 112 119 120 122 124 125 126 
Removing 1...
Removing 9...
Removing 14...
Removing 13...
Removing 12...
Removing 12...
Removing 22...
Removing 22...
Removing 28...
Removing 28...
Removing 34...
Removing 34...
Removing 42...
Removing 53...
Removing 64...
Removing 68...
Removing 75...
Removing 78...
Removing 77...
Removing 76...
Removing 79...
Removing 79...
Removing 83...
Removing 83...
Removing 84...
Removing 83...
Removing 83...
Removing 82...
Removing 84...
Removing 90...
Removing 90...
Removing 91...
Removing 92...
Removing 92...
Removing 92...
-> Added 1 edges avoiding K4
-> -> -> -> -> -> -> -> Cuts: 1 10 16 16 16 17 28 29 36 37 44 45 54 66 78 83 91 95 95 95 99 100 105 106 108 108 109 109 112 119 120 122 124 125 126 
Removing 1...
Removing 9...
Removing 14...
Removing 13...
Removing 12...
Removing 12...
Removing 22...
Removing 22...
Removing 28...
Removing 28...
Removing 34...
Removing 34...
Removing 42...
Removing 53...
Removing 64...
Removing 68...
Removing 75...
Removing 78...
Removing 77...
Removing 76...
Removing 79...
Removing 79...
Removing 83...
Removing 83...
Removing 84...
Removing 83...
Removing 83...
Removing 82...
Removing 84...
Removing 90...
Removing 90...
Removing 91...
Removing 92...
Removing 92...
Removing 92...
-> Added 1 edges avoiding K4
-> -> -> -> -> -> -> -> Cuts: 1 10 16 16 16 17 28 29 36 37 44 45 54 66 78 83 91 95 95 95 99 100 105 106 108 108 109 109 112 119 120 122 124 125 126 
Removing 1...
Removing 9...
Removing 14...
Removing 13...
Removing 12...
Removing 12...
Removing 22...
Removing 22...
Removing 28...
Removing 28...
Removing 34...
Removing 34...
Removing 42...
Removing 53...
Removing 64...
Removing 68...
Removing 75...
Removing 78...
Removing 77...
Removing 76...
Removing 79...
Removing 79...
Removing 83...
Removing 83...
Removing 84...
Removing 83...
Removing 83...
Removing 82...
Removing 84...
Removing 90...
Removing 90...
Removing 91...
Removing 92...
Removing 92...
Removing 92...
-> Added 1 edges avoiding K4
-> -> -> -> -> -> -> -> Cuts: 1 10 16 16 16 17 28 29 36 37 44 45 54 66 78 83 91 95 95 95 99 100 105 106 108 108 109 109 112 119 120 122 124 125 126 
Removing 1...
Removing 9...
Removing 14...
Removing 13...
Removing 12...
Removing 12...
Removing 22...
Removing 22...
Removing 28...
Removing 28...
Removing 34...
Removing 34...
Removing 42...
Removing 53...
Removing 64...
Removing 68...
Removing 75...
Removing 78...
Removing 77...
Removing 76...
Removing 79...
Removing 79...
Removing 83...
Removing 83...
Removing 84...
Removing 83...
Removing 83...
Removing 82...
Removing 84...
Removing 90...
Removing 90...
Removing 91...
Removing 92...
Removing 92...
Removing 92...
-> Added 1 edges avoiding K4
-> -> -> -> -> -> -> -> Cuts: 1 10 16 16 16 17 28 29 36 37 44 45 54 66 78 79 83 91 95 95 95 99 100 105 106 108 108 109 109 112 119 120 122 124 125 126 
Removing 1...
Removing 9...
Removing 14...
Removing 13...
Removing 12...
Removing 12...
Removing 22...
Removing 22...
Removing 28...
Removing 28...
Removing 34...
Removing 34...
Removing 42...
Removing 53...
Removing 64...
Removing 64...
Removing 67...
Removing 74...
Removing 77...
Removing 76...
Removing 75...
Removing 78...
Removing 78...
Removing 82...
Removing 82...
Removing 83...
Removing 82...
Removing 82...
Removing 81...
Removing 83...
Removing 89...
Removing 89...
Removing 90...
Removing 91...
Removing 91...
Removing 91...
-> Added 1 edges avoiding K4
-> -> -> -> -> -> -> -> Cuts: 1 10 16 16 16 17 28 29 36 37 44 45 54 66 78 79 83 91 95 95 95 99 100 105 106 108 108 109 109 112 119 120 122 124 125 126 
Removing 1...
Removing 9...
Removing 14...
Removing 13...
Removing 12...
Removing 12...
Removing 22...
Removing 22...
Removing 28...
Removing 28...
Removing 34...
Removing 34...
Removing 42...
Removing 53...
Removing 64...
Removing 64...
Removing 67...
Removing 74...
Removing 77...
Removing 76...
Removing 75...
Removing 78...
Removing 78...
Removing 82...
Removing 82...
Removing 83...
Removing 82...
Removing 82...
Removing 81...
Removing 83...
Removing 89...
Removing 89...
Removing 90...
Removing 91...
Removing 91...
Removing 91...
-> Added 1 edges avoiding K4
-> -> -> -> -> -> -> -> Cuts: 3 4 5 14 27 27 30 36 38 42 43 50 55 59 64 70 74 79 83 85 86 86 87 89 89 90 93 94 95 106 108 109 113 114 114 124 
Removing 3...
Removing 3...
Removing 3...
Removing 11...
Removing 23...
Removing 22...
Removing 24...
Removing 29...
Removing 30...
Removing 33...
Removing 33...
Removing 39...
Removing 43...
Removing 46...
Removing 50...
Removing 55...
Removing 58...
Removing 62...
Removing 65...
Removing 66...
Removing 66...
Removing 65...
Removing 65...
Removing 66...
Removing 65...
Removing 65...
Removing 67...
Removing 67...
Removing 67...
Removing 77...
Removing 78...
Removing 78...
Removing 81...
Removing 81...
Removing 80...
Removing 89...
-> Added 0 edges avoiding K4
-> -> -> -> -> -> -> -> Cuts: 3 4 5 14 27 27 30 36 38 42 43 50 55 59 64 70 74 79 83 85 86 86 87 89 89 90 93 94 95 106 108 109 113 114 114 124 
Removing 3...
Removing 3...
Removing 3...
Removing 11...
Removing 23...
Removing 22...
Removing 24...
Removing 29...
Removing 30...
Removing 33...
Removing 33...
Removing 39...
Removing 43...
Removing 46...
Removing 50...
Removing 55...
Removing 58...
Removing 62...
Removing 65...
Removing 66...
Removing 66...
Removing 65...
Removing 65...
Removing 66...
Removing 65...
Removing 65...
Removing 67...
Removing 67...
Removing 67...
Removing 77...
Removing 78...
Removing 78...
Removing 81...
Removing 81...
Removing 80...
Removing 89...
-> Added 0 edges avoiding K4
-> -> -> -> -> -> -> -> Cuts: 3 4 5 14 27 27 30 36 38 42 43 50 55 59 64 70 74 79 83 85 86 86 87 89 89 90 93 94 95 106 108 109 113 114 114 124 
Removing 3...
Removing 3...
Removing 3...
Removing 11...
Removing 23...
Removing 22...
Removing 24...
Removing 29...
Removing 30...
Removing 33...
Removing 33...
Removing 39...
Removing 43...
Removing 46...
Removing 50...
Removing 55...
Removing 58...
Removing 62...
Removing 65...
Removing 66...
Removing 66...
Removing 65...
Removing 65...
Removing 66...
Removing 65...
Removing 65...
Removing 67...
Removing 67...
Removing 67...
Removing 77...
Removing 78...
Removing 78...
Removing 81...
Removing 81...
Removing 80...
Removing 89...
-> Added 0 edges avoiding K4
-> -> -> -> -> -> -> -> Cuts: 3 4 5 14 27 27 30 36 38 42 43 50 55 57 59 64 70 74 79 83 85 86 86 87 89 89 90 93 94 95 106 108 109 113 114 114 124 
Removing 3...
Removing 3...
Removing 3...
Removing 11...
Removing 23...
Removing 22...
Removing 24...
Removing 29...
Removing 30...
Removing 33...
Removing 33...
Removing 39...
Removing 43...
Removing 44...
Removing 45...
Removing 49...
Removing 54...
Removing 57...
Removing 61...
Removing 64...
Removing 65...
Removing 65...
Removing 64...
Removing 64...
Removing 65...
Removing 64...
Removing 64...
Removing 66...
Removing 66...
Removing 66...
Removing 76...
Removing 77...
Removing 77...
Removing 80...
Removing 80...
Removing 79...
Removing 88...
-> Added 0 edges avoiding K4
-> -> -> -> -> -> -> -> Cuts: 3 4 5 14 27 27 30 36 38 42 43 50 55 57 59 64 70 74 79 83 85 86 86 87 89 89 90 93 94 95 106 108 109 113 114 114 124 
Removing 3...
Removing 3...
Removing 3...
Removing 11...
Removing 23...
Removing 22...
Removing 24...
Removing 29...
Removing 30...
Removing 33...
Removing 33...
Removing 39...
Removing 43...
Removing 44...
Removing 45...
Removing 49...
Removing 54...
Removing 57...
Removing 61...
Removing 64...
Removing 65...
Removing 65...
Removing 64...
Removing 64...
Removing 65...
Removing 64...
Removing 64...
Removing 66...
Removing 66...
Removing 66...
Removing 76...
Removing 77...
Removing 77...
Removing 80...
Removing 80...
Removing 79...
Removing 88...
-> Added 0 edges avoiding K4
-> -> -> -> -> -> -> -> Cuts: 5 5 6 6 8 15 16 18 24 25 25 30 31 31 31 47 47 48 58 62 64 70 71 80 83 87 87 90 95 100 102 115 115 120 120 122 124 
Removing 5...
Removing 4...
Removing 4...
Removing 3...
Removing 4...
Removing 10...
Removing 10...
Removing 11...
Removing 16...
Removing 16...
Removing 15...
Removing 19...
Removing 19...
Removing 18...
Removing 17...
Removing 32...
Removing 31...
Removing 31...
Removing 40...
Removing 43...
Removing 44...
Removing 49...
Removing 49...
Removing 57...
Removing 59...
Removing 62...
Removing 61...
Removing 63...
Removing 67...
Removing 71...
Removing 72...
Removing 84...
Removing 83...
Removing 87...
Removing 86...
Removing 87...
Removing 88...
-> Added 1 edges avoiding K4
-> -> -> -> -> -> -> -> Cuts: 5 5 6 6 8 15 16 18 24 25 25 30 31 31 31 47 47 48 58 62 64 70 71 80 83 87 87 90 95 100 102 115 115 120 120 122 124 
Removing 5...
Removing 4...
Removing 4...
Removing 3...
Removing 4...
Removing 10...
Removing 10...
Removing 11...
Removing 16...
Removing 16...
Removing 15...
Removing 19...
Removing 19...
Removing 18...
Removing 17...
Removing 32...
Removing 31...
Removing 31...
Removing 40...
Removing 43...
Removing 44...
Removing 49...
Removing 49...
Removing 57...
Removing 59...
Removing 62...
Removing 61...
Removing 63...
Removing 67...
Removing 71...
Removing 72...
Removing 84...
Removing 83...
Removing 87...
Removing 86...
Removing 87...
Removing 88...
-> Added 1 edges avoiding K4
-> -> -> -> -> -> -> -> Cuts: 5 5 6 6 8 15 16 18 24 25 25 30 31 31 31 47 47 48 58 62 64 70 71 80 83 87 87 90 95 100 102 115 115 120 120 122 124 
Removing 5...
Removing 4...
Removing 4...
Removing 3...
Removing 4...
Removing 10...
Removing 10...
Removing 11...
Removing 16...
Removing 16...
Removing 15...
Removing 19...
Removing 19...
Removing 18...
Removing 17...
Removing 32...
Removing 31...
Removing 31...
Removing 40...
Removing 43...
Removing 44...
Removing 49...
Removing 49...
Removing 57...
Removing 59...
Removing 62...
Removing 61...
Removing 63...
Removing 67...
Removing 71...
Removing 72...
Removing 84...
Removing 83...
Removing 87...
Removing 86...
Removing 87...
Removing 88...
-> Added 1 edges avoiding K4
-> -> -> -> -> -> -> -> Cuts: 5 5 6 6 8 15 16 18 22 24 25 25 30 31 31 31 47 47 48 58 62 64 70 71 80 83 87 87 90 95 100 102 115 115 120 120 122 124 
Removing 5...
Removing 4...
Removing 4...
Removing 3...
Removing 4...
Removing 10...
Removing 10...
Removing 11...
Removing 14...
Removing 15...
Removing 15...
Removing 14...
Removing 18...
Removing 18...
Removing 17...
Removing 16...
Removing 31...
Removing 30...
Removing 30...
Removing 39...
Removing 42...
Removing 43...
Removing 48...
Removing 48...
Removing 56...
Removing 58...
Removing 61...
Removing 60...
Removing 62...
Removing 66...
Removing 70...
Removing 71...
Removing 83...
Removing 82...
Removing 86...
Removing 85...
Removing 86...
Removing 87...
-> Added 1 edges avoiding K4
-> -> -> -> -> -> -> -> Cuts: 5 5 6 6 8 15 16 18 22 24 25 25 30 31 31 31 47 47 48 58 62 64 70 71 80 83 87 87 90 95 100 102 115 115 120 120 122 124 
Removing 5...
Removing 4...
Removing 4...
Removing 3...
Removing 4...
Removing 10...
Removing 10...
Removing 11...
Removing 14...
Removing 15...
Removing 15...
Removing 14...
Removing 18...
Removing 18...
Removing 17...
Removing 16...
Removing 31...
Removing 30...
Removing 30...
Removing 39...
Removing 42...
Removing 43...
Removing 48...
Removing 48...
Removing 56...
Removing 58...
Removing 61...
Removing 60...
Removing 62...
Removing 66...
Removing 70...
Removing 71...
Removing 83...
Removing 82...
Removing 86...
Removing 85...
Removing 86...
Removing 87...
-> Added 1 edges avoiding K4
-> -> -> -> -> -> -> -> Cuts: 5 5 6 6 8 15 16 18 22 24 25 25 30 31 31 31 47 47 48 58 62 64 70 71 80 83 87 87 90 95 100 102 115 115 120 120 122 124 
Removing 5...
Removing 4...
Removing 4...
Removing 3...
Removing 4...
Removing 10...
Removing 10...
Removing 11...
Removing 14...
Removing 15...
Removing 15...
Removing 14...
Removing 18...
Removing 18...
Removing 17...
Removing 16...
Removing 31...
Removing 30...
Removing 30...
Removing 39...
Removing 42...
Removing 43...
Removing 48...
Removing 48...
Removing 56...
Removing 58...
Removing 61...
Removing 60...
Removing 62...
Removing 66...
Removing 70...
Removing 71...
Removing 83...
Removing 82...
Removing 86...
Removing 85...
Removing 86...
Removing 87...
-> Added 1 edges avoiding K4
-> -> -> -> -> -> -> -> Cuts: 0 2 3 9 10 10 11 15 21 28 30 32 35 36 41 46 48 57 63 69 71 77 80 81 81 88 90 91 94 97 103 109 110 113 114 114 119 120 
Removing 0...
Removing 1...
Removing 1...
Removing 6...
Removing 6...
Removing 5...
Removing 5...
Removing 8...
Removing 13...
Removing 19...
Removing 20...
Removing 21...
Removing 23...
Removing 23...
Removing 27...
Removing 31...
Removing 32...
Removing 40...
Removing 45...
Removing 50...
Removing 51...
Removing 56...
Removing 58...
Removing 58...
Removing 57...
Removing 63...
Removing 64...
Removing 64...
Removing 66...
Removing 68...
Removing 73...
Removing 78...
Removing 78...
Removing 80...
Removing 80...
Removing 79...
Removing 83...
Removing 83...
-> Added 0 edges avoiding K4
-> -> -> -> -> -> -> -> Cuts: 0 2 3 9 10 10 11 15 21 28 30 32 35 36 41 46 48 57 63 69 71 77 80 81 81 88 90 91 94 97 103 109 110 113 114 114 119 120 
Removing 0...
Removing 1...
Removing 1...
Removing 6...
Removing 6...
Removing 5...
Removing 5...
Removing 8...
Removing 13...
Removing 19...
Removing 20...
Removing 21...
Removing 23...
Removing 23...
Removing 27...
Removing 31...
Removing 32...
Removing 40...
Removing 45...
Removing 50...
Removing 51...
Removing 56...
Removing 58...
Removing 58...
Removing 57...
Removing 63...
Removing 64...
Removing 64...
Removing 66...
Removing 68...
Removing 73...
Removing 78...
Removing 78...
Removing 80...
Removing 80...
Removing 79...
Removing 83...
Removing 83...
-> Added 0 edges avoiding K4
-> -> -> -> -> -> -> -> Cuts: 0 2 3 9 10 10 11 15 21 28 30 32 35 36 41 46 48 57 63 69 71 77 80 81 81 88 90 91 94 95 97 103 109 110 113 114 114 119 120 
Removing 0...
Removing 1...
Removing 1...
Removing 6...
Removing 6...
Removing 5...
Removing 5...
Removing 8...
Removing 13...
Removing 19...
Removing 20...
Removing 21...
Removing 23...
Removing 23...
Removing 27...
Removing 31...
Removing 32...
Removing 40...
Removing 45...
Removing 50...
Removing 51...
Removing 56...
Removing 58...
Removing 58...
Removing 57...
Removing 63...
Removing 64...
Removing 64...
Removing 66...
Removing 66...
Removing 67...
Removing 72...
Removing 77...
Removing 77...
Removing 79...
Removing 79...
Removing 78...
Removing 82...
Removing 82...
-> Added 0 edges avoiding K4
-> -> -> -> -> -> -> -> Cuts: 0 2 3 9 10 10 11 15 21 28 30 32 35 36 41 46 48 57 63 69 71 77 80 81 81 88 90 91 94 95 97 103 109 110 113 114 114 119 120 
Removing 0...
Removing 1...
Removing 1...
Removing 6...
Removing 6...
Removing 5...
Removing 5...
Removing 8...
Removing 13...
Removing 19...
Removing 20...
Removing 21...
Removing 23...
Removing 23...
Removing 27...
Removing 31...
Removing 32...
Removing 40...
Removing 45...
Removing 50...
Removing 51...
Removing 56...
Removing 58...
Removing 58...
Removing 57...
Removing 63...
Removing 64...
Removing 64...
Removing 66...
Removing 66...
Removing 67...
Removing 72...
Removing 77...
Removing 77...
Removing 79...
Removing 79...
Removing 78...
Removing 82...
Removing 82...
-> Added 0 edges avoiding K4
-> -> -> -> -> -> -> -> Cuts: 0 2 3 9 10 10 11 15 21 28 30 32 35 36 41 46 48 57 63 69 71 77 80 81 81 88 90 91 94 95 97 103 109 110 113 114 114 119 120 
Removing 0...
Removing 1...
Removing 1...
Removing 6...
Removing 6...
Removing 5...
Removing 5...
Removing 8...
Removing 13...
Removing 19...
Removing 20...
Removing 21...
Removing 23...
Removing 23...
Removing 27...
Removing 31...
Removing 32...
Removing 40...
Removing 45...
Removing 50...
Removing 51...
Removing 56...
Removing 58...
Removing 58...
Removing 57...
Removing 63...
Removing 64...
Removing 64...
Removing 66...
Removing 66...
Removing 67...
Removing 72...
Removing 77...
Removing 77...
Removing 79...
Removing 79...
Removing 78...
Removing 82...
Removing 82...
-> Added 0 edges avoiding K4
-> -> -> -> -> -> -> -> Cuts: 2 2 4 5 9 22 23 25 29 29 31 40 43 44 46 52 59 60 64 66 68 77 77 79 82 85 87 88 88 90 90 90 96 106 110 114 116 122 123 
Removing 2...
Removing 1...
Removing 2...
Removing 2...
Removing 5...
Removing 17...
Removing 17...
Removing 18...
Removing 21...
Removing 20...
Removing 21...
Removing 29...
Removing 31...
Removing 31...
Removing 32...
Removing 37...
Removing 43...
Removing 43...
Removing 46...
Removing 47...
Removing 48...
Removing 56...
Removing 55...
Removing 56...
Removing 58...
Removing 60...
Removing 61...
Removing 61...
Removing 60...
Removing 61...
Removing 60...
Removing 59...
Removing 64...
Removing 73...
Removing 76...
Removing 79...
Removing 80...
Removing 85...
Removing 85...
-> Added 1 edges avoiding K4
-> -> -> -> -> -> -> -> Cuts: 2 2 4 5 9 22 23 25 29 29 31 40 43 44 46 52 59 60 64 66 68 77 77 79 82 85 87 88 88 90 90 90 96 106 110 114 116 122 123 
Removing 2...
Removing 1...
Removing 2...
Removing 2...
Removing 5...
Removing 17...
Removing 17...
Removing 18...
Removing 21...
Removing 20...
Removing 21...
Removing 29...
Removing 31...
Removing 31...
Removing 32...
Removing 37...
Removing 43...
Removing 43...
Removing 46...
Removing 47...
Removing 48...
Removing 56...
Removing 55...
Removing 56...
Removing 58...
Removing 60...
Removing 61...
Removing 61...
Removing 60...
Removing 61...
Removing 60...
Removing 59...
Removing 64...
Removing 73...
Removing 76...
Removing 79...
Removing 80...
Removing 85...
Removing 85...
-> Added 1 edges avoiding K4
-> -> -> -> -> -> -> -> Cuts: 2 2 4 5 9 22 22 23 25 29 29 31 40 43 44 46 52 59 60 64 66 68 77 77 79 82 85 87 88 88 90 90 90 96 106 110 114 116 122 123 
Removing 2...
Removing 1...
Removing 2...
Removing 2...
Removing 5...
Removing 17...
Removing 16...
Removing 16...
Removing 17...
Removing 20...
Removing 19...
Removing 20...
Removing 28...
Removing 30...
Removing 30...
Removing 31...
Removing 36...
Removing 42...
Removing 42...
Removing 45...
Removing 46...
Removing 47...
Removing 55...
Removing 54...
Removing 55...
Removing 57...
Removing 59...
Removing 60...
Removing 60...
Removing 59...
Removing 60...
Removing 59...
Removing 58...
Removing 63...
Removing 72...
Removing 75...
Removing 78...
Removing 79...
Removing 84...
Removing 84...
-> Added 0 edges avoiding K4
-> -> -> -> -> -> -> -> Cuts: 2 2 4 5 9 22 22 23 25 29 29 31 40 43 44 46 52 59 60 64 66 68 77 77 79 82 85 87 88 88 90 90 90 96 106 110 114 116 122 123 
Removing 2...
Removing 1...
Removing 2...
Removing 2...
Removing 5...
Removing 17...
Removing 16...
Removing 16...
Removing 17...
Removing 20...
Removing 19...
Removing 20...
Removing 28...
Removing 30...
Removing 30...
Removing 31...
Removing 36...
Removing 42...
Removing 42...
Removing 45...
Removing 46...
Removing 47...
Removing 55...
Removing 54...
Removing 55...
Removing 57...
Removing 59...
Removing 60...
Removing 60...
Removing 59...
Removing 60...
Removing 59...
Removing 58...
Removing 63...
Removing 72...
Removing 75...
Removing 78...
Removing 79...
Removing 84...
Removing 84...
-> Added 0 edges avoiding K4
-> -> -> -> -> -> -> -> Cuts: 2 2 4 5 9 22 22 23 25 29 29 31 40 43 44 46 52 59 60 64 66 68 77 77 79 82 85 87 88 88 90 90 90 96 106 110 114 116 122 123 
Removing 2...
Removing 1...
Removing 2...
Removing 2...
Removing 5...
Removing 17...
Removing 16...
Removing 16...
Removing 17...
Removing 20...
Removing 19...
Removing 20...
Removing 28...
Removing 30...
Removing 30...
Removing 31...
Removing 36...
Removing 42...
Removing 42...
Removing 45...
Removing 46...
Removing 47...
Removing 55...
Removing 54...
Removing 55...
Removing 57...
Removing 59...
Removing 60...
Removing 60...
Removing 59...
Removing 60...
Removing 59...
Removing 58...
Removing 63...
Removing 72...
Removing 75...
Removing 78...
Removing 79...
Removing 84...
Removing 84...
-> Added 0 edges avoiding K4
-> -> -> -> -> -> -> -> Cuts: 2 2 4 5 9 22 22 23 25 29 29 31 40 43 44 46 52 59 60 64 66 68 77 77 79 82 85 87 88 88 90 90 90 96 106 110 114 116 122 123 
Removing 2...
Removing 1...
Removing 2...
Removing 2...
Removing 5...
Removing 17...
Removing 16...
Removing 16...
Removing 17...
Removing 20...
Removing 19...
Removing 20...
Removing 28...
Removing 30...
Removing 30...
Removing 31...
Removing 36...
Removing 42...
Removing 42...
Removing 45...
Removing 46...
Removing 47...
Removing 55...
Removing 54...
Removing 55...
Removing 57...
Removing 59...
Removing 60...
Removing 60...
Removing 59...
Removing 60...
Removing 59...
Removing 58...
Removing 63...
Removing 72...
Removing 75...
Removing 78...
Removing 79...
Removing 84...
Removing 84...
-> Added 0 edges avoiding K4
-> -> -> -> -> -> -> -> Cuts: 1 4 6 15 16 17 20 20 25 28 28 29 32 35 36 36 40 41 45 48 49 58 60 63 65 66 67 69 72 83 85 90 90 94 101 103 111 111 114 126 
Removing 1...
Removing 3...
Removing 4...
Removing 12...
Removing 12...
Removing 12...
Removing 14...
Removing 13...
Removing 17...
Removing 19...
Removing 18...
Removing 18...
Removing 20...
Removing 22...
Removing 22...
Removing 21...
Removing 24...
Removing 24...
Removing 27...
Removing 29...
Removing 29...
Removing 37...
Removing 38...
Removing 40...
Removing 41...
Removing 41...
Removing 41...
Removing 42...
Removing 44...
Removing 54...
Removing 55...
Removing 59...
Removing 58...
Removing 61...
Removing 67...
Removing 68...
Removing 75...
Removing 74...
Removing 76...
Removing 87...
-> Added 1 edges avoiding K4
-> -> -> -> 